I0126 20:28:19.571007 19637 caffe.cpp:113] Use GPU with device ID 0
I0126 20:28:19.703691 19637 caffe.cpp:121] Starting Optimization
I0126 20:28:19.703760 19637 solver.cpp:32] Initializing solver from parameters: 
test_iter: 100
test_interval: 1750
base_lr: 0.0001
display: 100
max_iter: 5000
lr_policy: "fixed"
momentum: 0.9
weight_decay: 0.004
snapshot: 5000
snapshot_prefix: "/home/mike/ml_lab/mod/MCL_Caffe/examples/cifar10/cifar10_inst_dist_experiments/3_models/run1/mcl_cifar10_quick"
solver_mode: GPU
net: "/home/mike/ml_lab/mod/MCL_Caffe/examples/cifar10/cifar10_inst_dist_experiments/3_models/mcl_cifar10_quick_train_test.prototxt"
I0126 20:28:19.703780 19637 solver.cpp:70] Creating training net from net file: /home/mike/ml_lab/mod/MCL_Caffe/examples/cifar10/cifar10_inst_dist_experiments/3_models/mcl_cifar10_quick_train_test.prototxt
I0126 20:28:19.704382 19637 net.cpp:287] The NetState phase (0) differed from the phase (1) specified by a rule in layer cifar
I0126 20:28:19.704403 19637 net.cpp:287] The NetState phase (0) differed from the phase (1) specified by a rule in layer 1_accuracy
I0126 20:28:19.704406 19637 net.cpp:287] The NetState phase (0) differed from the phase (1) specified by a rule in layer 2_accuracy
I0126 20:28:19.704407 19637 net.cpp:287] The NetState phase (0) differed from the phase (1) specified by a rule in layer 3_accuracy
I0126 20:28:19.704409 19637 net.cpp:287] The NetState phase (0) differed from the phase (1) specified by a rule in layer accuracy
I0126 20:28:19.704542 19637 net.cpp:42] Initializing net from parameters: 
name: "CIFAR10_quick"
state {
  phase: TRAIN
}
layer {
  name: "cifar"
  type: "Data"
  top: "data"
  top: "label"
  include {
    phase: TRAIN
  }
  transform_param {
    mean_file: "/home/mike/ml_lab/mod/MCL_Caffe/examples/cifar10/mean.binaryproto"
  }
  data_param {
    source: "/home/mike/ml_lab/mod/MCL_Caffe/examples/cifar10/cifar10_train_lmdb"
    batch_size: 350
    backend: LMDB
  }
}
layer {
  name: "1_conv1"
  type: "Convolution"
  bottom: "data"
  top: "1_conv1"
  param {
    lr_mult: 1
  }
  param {
    lr_mult: 2
  }
  convolution_param {
    num_output: 32
    pad: 2
    kernel_size: 5
    stride: 1
    weight_filler {
      type: "gaussian"
      std: 0.0001
    }
    bias_filler {
      type: "constant"
    }
  }
}
layer {
  name: "1_pool1"
  type: "Pooling"
  bottom: "1_conv1"
  top: "1_pool1"
  pooling_param {
    pool: MAX
    kernel_size: 3
    stride: 2
  }
}
layer {
  name: "1_relu1"
  type: "ReLU"
  bottom: "1_pool1"
  top: "1_pool1"
}
layer {
  name: "1_conv2"
  type: "Convolution"
  bottom: "1_pool1"
  top: "1_conv2"
  param {
    lr_mult: 1
  }
  param {
    lr_mult: 2
  }
  convolution_param {
    num_output: 32
    pad: 2
    kernel_size: 5
    stride: 1
    weight_filler {
      type: "gaussian"
      std: 0.01
    }
    bias_filler {
      type: "constant"
    }
  }
}
layer {
  name: "1_relu2"
  type: "ReLU"
  bottom: "1_conv2"
  top: "1_conv2"
}
layer {
  name: "1_pool2"
  type: "Pooling"
  bottom: "1_conv2"
  top: "1_pool2"
  pooling_param {
    pool: AVE
    kernel_size: 3
    stride: 2
  }
}
layer {
  name: "1_conv3"
  type: "Convolution"
  bottom: "1_pool2"
  top: "1_conv3"
  param {
    lr_mult: 1
  }
  param {
    lr_mult: 2
  }
  convolution_param {
    num_output: 64
    pad: 2
    kernel_size: 5
    stride: 1
    weight_filler {
      type: "gaussian"
      std: 0.01
    }
    bias_filler {
      type: "constant"
    }
  }
}
layer {
  name: "1_relu3"
  type: "ReLU"
  bottom: "1_conv3"
  top: "1_conv3"
}
layer {
  name: "1_pool3"
  type: "Pooling"
  bottom: "1_conv3"
  top: "1_pool3"
  pooling_param {
    pool: AVE
    kernel_size: 3
    stride: 2
  }
}
layer {
  name: "1_ip1"
  type: "InnerProduct"
  bottom: "1_pool3"
  top: "1_ip1"
  param {
    lr_mult: 1
  }
  param {
    lr_mult: 2
  }
  inner_product_param {
    num_output: 64
    weight_filler {
      type: "gaussian"
      std: 0.1
    }
    bias_filler {
      type: "constant"
    }
  }
}
layer {
  name: "1_ip2"
  type: "InnerProduct"
  bottom: "1_ip1"
  top: "1_ip2"
  param {
    lr_mult: 1
  }
  param {
    lr_mult: 2
  }
  inner_product_param {
    num_output: 10
    weight_filler {
      type: "gaussian"
      std: 0.1
    }
    bias_filler {
      type: "constant"
    }
  }
}
layer {
  name: "1_prob"
  type: "Softmax"
  bottom: "1_ip2"
  top: "1_prob"
}
layer {
  name: "2_conv1"
  type: "Convolution"
  bottom: "data"
  top: "2_conv1"
  param {
    lr_mult: 1
  }
  param {
    lr_mult: 2
  }
  convolution_param {
    num_output: 32
    pad: 2
    kernel_size: 5
    stride: 1
    weight_filler {
      type: "gaussian"
      std: 0.0001
    }
    bias_filler {
      type: "constant"
    }
  }
}
layer {
  name: "2_pool1"
  type: "Pooling"
  bottom: "2_conv1"
  top: "2_pool1"
  pooling_param {
    pool: MAX
    kernel_size: 3
    stride: 2
  }
}
layer {
  name: "2_relu1"
  type: "ReLU"
  bottom: "2_pool1"
  top: "2_pool1"
}
layer {
  name: "2_conv2"
  type: "Convolution"
  bottom: "2_pool1"
  top: "2_conv2"
  param {
    lr_mult: 1
  }
  param {
    lr_mult: 2
  }
  convolution_param {
    num_output: 32
    pad: 2
    kernel_size: 5
    stride: 1
    weight_filler {
      type: "gaussian"
      std: 0.01
    }
    bias_filler {
      type: "constant"
    }
  }
}
layer {
  name: "2_relu2"
  type: "ReLU"
  bottom: "2_conv2"
  top: "2_conv2"
}
layer {
  name: "2_pool2"
  type: "Pooling"
  bottom: "2_conv2"
  top: "2_pool2"
  pooling_param {
    pool: AVE
    kernel_size: 3
    stride: 2
  }
}
layer {
  name: "2_conv3"
  type: "Convolution"
  bottom: "2_pool2"
  top: "2_conv3"
  param {
    lr_mult: 1
  }
  param {
    lr_mult: 2
  }
  convolution_param {
    num_output: 64
    pad: 2
    kernel_size: 5
    stride: 1
    weight_filler {
      type: "gaussian"
      std: 0.01
    }
    bias_filler {
      type: "constant"
    }
  }
}
layer {
  name: "2_relu3"
  type: "ReLU"
  bottom: "2_conv3"
  top: "2_conv3"
}
layer {
  name: "2_pool3"
  type: "Pooling"
  bottom: "2_conv3"
  top: "2_pool3"
  pooling_param {
    pool: AVE
    kernel_size: 3
    stride: 2
  }
}
layer {
  name: "2_ip1"
  type: "InnerProduct"
  bottom: "2_pool3"
  top: "2_ip1"
  param {
    lr_mult: 1
  }
  param {
    lr_mult: 2
  }
  inner_product_param {
    num_output: 64
    weight_filler {
      type: "gaussian"
      std: 0.1
    }
    bias_filler {
      type: "constant"
    }
  }
}
layer {
  name: "2_ip2"
  type: "InnerProduct"
  bottom: "2_ip1"
  top: "2_ip2"
  param {
    lr_mult: 1
  }
  param {
    lr_mult: 2
  }
  inner_product_param {
    num_output: 10
    weight_filler {
      type: "gaussian"
      std: 0.1
    }
    bias_filler {
      type: "constant"
    }
  }
}
layer {
  name: "2_prob"
  type: "Softmax"
  bottom: "2_ip2"
  top: "2_prob"
}
layer {
  name: "3_conv1"
  type: "Convolution"
  bottom: "data"
  top: "3_conv1"
  param {
    lr_mult: 1
  }
  param {
    lr_mult: 2
  }
  convolution_param {
    num_output: 32
    pad: 2
    kernel_size: 5
    stride: 1
    weight_filler {
      type: "gaussian"
      std: 0.0001
    }
    bias_filler {
      type: "constant"
    }
  }
}
layer {
  name: "3_pool1"
  type: "Pooling"
  bottom: "3_conv1"
  top: "3_pool1"
  pooling_param {
    pool: MAX
    kernel_size: 3
    stride: 2
  }
}
layer {
  name: "3_relu1"
  type: "ReLU"
  bottom: "3_pool1"
  top: "3_pool1"
}
layer {
  name: "3_conv2"
  type: "Convolution"
  bottom: "3_pool1"
  top: "3_conv2"
  param {
    lr_mult: 1
  }
  param {
    lr_mult: 2
  }
  convolution_param {
    num_output: 32
    pad: 2
    kernel_size: 5
    stride: 1
    weight_filler {
      type: "gaussian"
      std: 0.01
    }
    bias_filler {
      type: "constant"
    }
  }
}
layer {
  name: "3_relu2"
  type: "ReLU"
  bottom: "3_conv2"
  top: "3_conv2"
}
layer {
  name: "3_pool2"
  type: "Pooling"
  bottom: "3_conv2"
  top: "3_pool2"
  pooling_param {
    pool: AVE
    kernel_size: 3
    stride: 2
  }
}
layer {
  name: "3_conv3"
  type: "Convolution"
  bottom: "3_pool2"
  top: "3_conv3"
  param {
    lr_mult: 1
  }
  param {
    lr_mult: 2
  }
  convolution_param {
    num_output: 64
    pad: 2
    kernel_size: 5
    stride: 1
    weight_filler {
      type: "gaussian"
      std: 0.01
    }
    bias_filler {
      type: "constant"
    }
  }
}
layer {
  name: "3_relu3"
  type: "ReLU"
  bottom: "3_conv3"
  top: "3_conv3"
}
layer {
  name: "3_pool3"
  type: "Pooling"
  bottom: "3_conv3"
  top: "3_pool3"
  pooling_param {
    pool: AVE
    kernel_size: 3
    stride: 2
  }
}
layer {
  name: "3_ip1"
  type: "InnerProduct"
  bottom: "3_pool3"
  top: "3_ip1"
  param {
    lr_mult: 1
  }
  param {
    lr_mult: 2
  }
  inner_product_param {
    num_output: 64
    weight_filler {
      type: "gaussian"
      std: 0.1
    }
    bias_filler {
      type: "constant"
    }
  }
}
layer {
  name: "3_ip2"
  type: "InnerProduct"
  bottom: "3_ip1"
  top: "3_ip2"
  param {
    lr_mult: 1
  }
  param {
    lr_mult: 2
  }
  inner_product_param {
    num_output: 10
    weight_filler {
      type: "gaussian"
      std: 0.1
    }
    bias_filler {
      type: "constant"
    }
  }
}
layer {
  name: "3_prob"
  type: "Softmax"
  bottom: "3_ip2"
  top: "3_prob"
}
layer {
  name: "loss"
  type: "ODMultinomialLogisticLoss"
  bottom: "1_prob"
  bottom: "2_prob"
  bottom: "3_prob"
  bottom: "label"
  top: "multiple-output loss"
  top: "batch-instance-counts"
  top: "train-instance-counts"
  loss_weight: 1
  loss_weight: 0
  loss_weight: 0
  include {
    phase: TRAIN
  }
}
I0126 20:28:19.704680 19637 layer_factory.hpp:74] Creating layer cifar
I0126 20:28:19.704695 19637 net.cpp:90] Creating Layer cifar
I0126 20:28:19.704701 19637 net.cpp:368] cifar -> data
I0126 20:28:19.704718 19637 net.cpp:368] cifar -> label
I0126 20:28:19.704726 19637 net.cpp:120] Setting up cifar
I0126 20:28:19.704776 19637 db.cpp:34] Opened lmdb /home/mike/ml_lab/mod/MCL_Caffe/examples/cifar10/cifar10_train_lmdb
I0126 20:28:19.704807 19637 data_layer.cpp:67] output data size: 350,3,32,32
I0126 20:28:19.704814 19637 data_transformer.cpp:22] Loading mean file from: /home/mike/ml_lab/mod/MCL_Caffe/examples/cifar10/mean.binaryproto
I0126 20:28:19.705478 19637 net.cpp:127] Top shape: 350 3 32 32 (1075200)
I0126 20:28:19.705485 19637 net.cpp:127] Top shape: 350 (350)
I0126 20:28:19.705489 19637 layer_factory.hpp:74] Creating layer data_cifar_0_split
I0126 20:28:19.705495 19637 net.cpp:90] Creating Layer data_cifar_0_split
I0126 20:28:19.705498 19637 net.cpp:410] data_cifar_0_split <- data
I0126 20:28:19.705507 19637 net.cpp:368] data_cifar_0_split -> data_cifar_0_split_0
I0126 20:28:19.705512 19637 net.cpp:368] data_cifar_0_split -> data_cifar_0_split_1
I0126 20:28:19.705515 19637 net.cpp:368] data_cifar_0_split -> data_cifar_0_split_2
I0126 20:28:19.705518 19637 net.cpp:120] Setting up data_cifar_0_split
I0126 20:28:19.705524 19637 net.cpp:127] Top shape: 350 3 32 32 (1075200)
I0126 20:28:19.705528 19637 net.cpp:127] Top shape: 350 3 32 32 (1075200)
I0126 20:28:19.705529 19637 net.cpp:127] Top shape: 350 3 32 32 (1075200)
I0126 20:28:19.705531 19637 layer_factory.hpp:74] Creating layer 1_conv1
I0126 20:28:19.705538 19637 net.cpp:90] Creating Layer 1_conv1
I0126 20:28:19.705540 19637 net.cpp:410] 1_conv1 <- data_cifar_0_split_0
I0126 20:28:19.705543 19637 net.cpp:368] 1_conv1 -> 1_conv1
I0126 20:28:19.705549 19637 net.cpp:120] Setting up 1_conv1
I0126 20:28:19.705953 19637 net.cpp:127] Top shape: 350 32 32 32 (11468800)
I0126 20:28:19.705966 19637 layer_factory.hpp:74] Creating layer 1_pool1
I0126 20:28:19.705972 19637 net.cpp:90] Creating Layer 1_pool1
I0126 20:28:19.705976 19637 net.cpp:410] 1_pool1 <- 1_conv1
I0126 20:28:19.705982 19637 net.cpp:368] 1_pool1 -> 1_pool1
I0126 20:28:19.705989 19637 net.cpp:120] Setting up 1_pool1
I0126 20:28:19.706006 19637 net.cpp:127] Top shape: 350 32 16 16 (2867200)
I0126 20:28:19.706009 19637 layer_factory.hpp:74] Creating layer 1_relu1
I0126 20:28:19.706015 19637 net.cpp:90] Creating Layer 1_relu1
I0126 20:28:19.706018 19637 net.cpp:410] 1_relu1 <- 1_pool1
I0126 20:28:19.706023 19637 net.cpp:357] 1_relu1 -> 1_pool1 (in-place)
I0126 20:28:19.706028 19637 net.cpp:120] Setting up 1_relu1
I0126 20:28:19.706035 19637 net.cpp:127] Top shape: 350 32 16 16 (2867200)
I0126 20:28:19.706039 19637 layer_factory.hpp:74] Creating layer 1_conv2
I0126 20:28:19.706044 19637 net.cpp:90] Creating Layer 1_conv2
I0126 20:28:19.706058 19637 net.cpp:410] 1_conv2 <- 1_pool1
I0126 20:28:19.706065 19637 net.cpp:368] 1_conv2 -> 1_conv2
I0126 20:28:19.706075 19637 net.cpp:120] Setting up 1_conv2
I0126 20:28:19.706694 19637 net.cpp:127] Top shape: 350 32 16 16 (2867200)
I0126 20:28:19.706703 19637 layer_factory.hpp:74] Creating layer 1_relu2
I0126 20:28:19.706708 19637 net.cpp:90] Creating Layer 1_relu2
I0126 20:28:19.706712 19637 net.cpp:410] 1_relu2 <- 1_conv2
I0126 20:28:19.706717 19637 net.cpp:357] 1_relu2 -> 1_conv2 (in-place)
I0126 20:28:19.706722 19637 net.cpp:120] Setting up 1_relu2
I0126 20:28:19.706727 19637 net.cpp:127] Top shape: 350 32 16 16 (2867200)
I0126 20:28:19.706730 19637 layer_factory.hpp:74] Creating layer 1_pool2
I0126 20:28:19.706737 19637 net.cpp:90] Creating Layer 1_pool2
I0126 20:28:19.706740 19637 net.cpp:410] 1_pool2 <- 1_conv2
I0126 20:28:19.706745 19637 net.cpp:368] 1_pool2 -> 1_pool2
I0126 20:28:19.706751 19637 net.cpp:120] Setting up 1_pool2
I0126 20:28:19.706759 19637 net.cpp:127] Top shape: 350 32 8 8 (716800)
I0126 20:28:19.706763 19637 layer_factory.hpp:74] Creating layer 1_conv3
I0126 20:28:19.706769 19637 net.cpp:90] Creating Layer 1_conv3
I0126 20:28:19.706773 19637 net.cpp:410] 1_conv3 <- 1_pool2
I0126 20:28:19.706779 19637 net.cpp:368] 1_conv3 -> 1_conv3
I0126 20:28:19.706784 19637 net.cpp:120] Setting up 1_conv3
I0126 20:28:19.707957 19637 net.cpp:127] Top shape: 350 64 8 8 (1433600)
I0126 20:28:19.707967 19637 layer_factory.hpp:74] Creating layer 1_relu3
I0126 20:28:19.707973 19637 net.cpp:90] Creating Layer 1_relu3
I0126 20:28:19.707975 19637 net.cpp:410] 1_relu3 <- 1_conv3
I0126 20:28:19.707980 19637 net.cpp:357] 1_relu3 -> 1_conv3 (in-place)
I0126 20:28:19.707985 19637 net.cpp:120] Setting up 1_relu3
I0126 20:28:19.707990 19637 net.cpp:127] Top shape: 350 64 8 8 (1433600)
I0126 20:28:19.707993 19637 layer_factory.hpp:74] Creating layer 1_pool3
I0126 20:28:19.707998 19637 net.cpp:90] Creating Layer 1_pool3
I0126 20:28:19.708001 19637 net.cpp:410] 1_pool3 <- 1_conv3
I0126 20:28:19.708008 19637 net.cpp:368] 1_pool3 -> 1_pool3
I0126 20:28:19.708012 19637 net.cpp:120] Setting up 1_pool3
I0126 20:28:19.708019 19637 net.cpp:127] Top shape: 350 64 4 4 (358400)
I0126 20:28:19.708021 19637 layer_factory.hpp:74] Creating layer 1_ip1
I0126 20:28:19.708027 19637 net.cpp:90] Creating Layer 1_ip1
I0126 20:28:19.708031 19637 net.cpp:410] 1_ip1 <- 1_pool3
I0126 20:28:19.708037 19637 net.cpp:368] 1_ip1 -> 1_ip1
I0126 20:28:19.708045 19637 net.cpp:120] Setting up 1_ip1
I0126 20:28:19.709538 19637 net.cpp:127] Top shape: 350 64 (22400)
I0126 20:28:19.709547 19637 layer_factory.hpp:74] Creating layer 1_ip2
I0126 20:28:19.709553 19637 net.cpp:90] Creating Layer 1_ip2
I0126 20:28:19.709556 19637 net.cpp:410] 1_ip2 <- 1_ip1
I0126 20:28:19.709563 19637 net.cpp:368] 1_ip2 -> 1_ip2
I0126 20:28:19.709568 19637 net.cpp:120] Setting up 1_ip2
I0126 20:28:19.709594 19637 net.cpp:127] Top shape: 350 10 (3500)
I0126 20:28:19.709601 19637 layer_factory.hpp:74] Creating layer 1_prob
I0126 20:28:19.709609 19637 net.cpp:90] Creating Layer 1_prob
I0126 20:28:19.709615 19637 net.cpp:410] 1_prob <- 1_ip2
I0126 20:28:19.709620 19637 net.cpp:368] 1_prob -> 1_prob
I0126 20:28:19.709626 19637 net.cpp:120] Setting up 1_prob
I0126 20:28:19.709636 19637 net.cpp:127] Top shape: 350 10 (3500)
I0126 20:28:19.709641 19637 layer_factory.hpp:74] Creating layer 2_conv1
I0126 20:28:19.709647 19637 net.cpp:90] Creating Layer 2_conv1
I0126 20:28:19.709650 19637 net.cpp:410] 2_conv1 <- data_cifar_0_split_1
I0126 20:28:19.709657 19637 net.cpp:368] 2_conv1 -> 2_conv1
I0126 20:28:19.709663 19637 net.cpp:120] Setting up 2_conv1
I0126 20:28:19.709738 19637 net.cpp:127] Top shape: 350 32 32 32 (11468800)
I0126 20:28:19.709743 19637 layer_factory.hpp:74] Creating layer 2_pool1
I0126 20:28:19.709748 19637 net.cpp:90] Creating Layer 2_pool1
I0126 20:28:19.709753 19637 net.cpp:410] 2_pool1 <- 2_conv1
I0126 20:28:19.709758 19637 net.cpp:368] 2_pool1 -> 2_pool1
I0126 20:28:19.709763 19637 net.cpp:120] Setting up 2_pool1
I0126 20:28:19.709770 19637 net.cpp:127] Top shape: 350 32 16 16 (2867200)
I0126 20:28:19.709784 19637 layer_factory.hpp:74] Creating layer 2_relu1
I0126 20:28:19.709790 19637 net.cpp:90] Creating Layer 2_relu1
I0126 20:28:19.709794 19637 net.cpp:410] 2_relu1 <- 2_pool1
I0126 20:28:19.709800 19637 net.cpp:357] 2_relu1 -> 2_pool1 (in-place)
I0126 20:28:19.709805 19637 net.cpp:120] Setting up 2_relu1
I0126 20:28:19.709810 19637 net.cpp:127] Top shape: 350 32 16 16 (2867200)
I0126 20:28:19.709813 19637 layer_factory.hpp:74] Creating layer 2_conv2
I0126 20:28:19.709820 19637 net.cpp:90] Creating Layer 2_conv2
I0126 20:28:19.709822 19637 net.cpp:410] 2_conv2 <- 2_pool1
I0126 20:28:19.709828 19637 net.cpp:368] 2_conv2 -> 2_conv2
I0126 20:28:19.709837 19637 net.cpp:120] Setting up 2_conv2
I0126 20:28:19.710418 19637 net.cpp:127] Top shape: 350 32 16 16 (2867200)
I0126 20:28:19.710425 19637 layer_factory.hpp:74] Creating layer 2_relu2
I0126 20:28:19.710430 19637 net.cpp:90] Creating Layer 2_relu2
I0126 20:28:19.710433 19637 net.cpp:410] 2_relu2 <- 2_conv2
I0126 20:28:19.710438 19637 net.cpp:357] 2_relu2 -> 2_conv2 (in-place)
I0126 20:28:19.710443 19637 net.cpp:120] Setting up 2_relu2
I0126 20:28:19.710448 19637 net.cpp:127] Top shape: 350 32 16 16 (2867200)
I0126 20:28:19.710450 19637 layer_factory.hpp:74] Creating layer 2_pool2
I0126 20:28:19.710456 19637 net.cpp:90] Creating Layer 2_pool2
I0126 20:28:19.710460 19637 net.cpp:410] 2_pool2 <- 2_conv2
I0126 20:28:19.710465 19637 net.cpp:368] 2_pool2 -> 2_pool2
I0126 20:28:19.710469 19637 net.cpp:120] Setting up 2_pool2
I0126 20:28:19.710475 19637 net.cpp:127] Top shape: 350 32 8 8 (716800)
I0126 20:28:19.710479 19637 layer_factory.hpp:74] Creating layer 2_conv3
I0126 20:28:19.710485 19637 net.cpp:90] Creating Layer 2_conv3
I0126 20:28:19.710489 19637 net.cpp:410] 2_conv3 <- 2_pool2
I0126 20:28:19.710494 19637 net.cpp:368] 2_conv3 -> 2_conv3
I0126 20:28:19.710500 19637 net.cpp:120] Setting up 2_conv3
I0126 20:28:19.711649 19637 net.cpp:127] Top shape: 350 64 8 8 (1433600)
I0126 20:28:19.711657 19637 layer_factory.hpp:74] Creating layer 2_relu3
I0126 20:28:19.711661 19637 net.cpp:90] Creating Layer 2_relu3
I0126 20:28:19.711665 19637 net.cpp:410] 2_relu3 <- 2_conv3
I0126 20:28:19.711670 19637 net.cpp:357] 2_relu3 -> 2_conv3 (in-place)
I0126 20:28:19.711675 19637 net.cpp:120] Setting up 2_relu3
I0126 20:28:19.711680 19637 net.cpp:127] Top shape: 350 64 8 8 (1433600)
I0126 20:28:19.711683 19637 layer_factory.hpp:74] Creating layer 2_pool3
I0126 20:28:19.711688 19637 net.cpp:90] Creating Layer 2_pool3
I0126 20:28:19.711691 19637 net.cpp:410] 2_pool3 <- 2_conv3
I0126 20:28:19.711696 19637 net.cpp:368] 2_pool3 -> 2_pool3
I0126 20:28:19.711701 19637 net.cpp:120] Setting up 2_pool3
I0126 20:28:19.711706 19637 net.cpp:127] Top shape: 350 64 4 4 (358400)
I0126 20:28:19.711710 19637 layer_factory.hpp:74] Creating layer 2_ip1
I0126 20:28:19.711719 19637 net.cpp:90] Creating Layer 2_ip1
I0126 20:28:19.711724 19637 net.cpp:410] 2_ip1 <- 2_pool3
I0126 20:28:19.711729 19637 net.cpp:368] 2_ip1 -> 2_ip1
I0126 20:28:19.711736 19637 net.cpp:120] Setting up 2_ip1
I0126 20:28:19.713215 19637 net.cpp:127] Top shape: 350 64 (22400)
I0126 20:28:19.713225 19637 layer_factory.hpp:74] Creating layer 2_ip2
I0126 20:28:19.713232 19637 net.cpp:90] Creating Layer 2_ip2
I0126 20:28:19.713235 19637 net.cpp:410] 2_ip2 <- 2_ip1
I0126 20:28:19.713243 19637 net.cpp:368] 2_ip2 -> 2_ip2
I0126 20:28:19.713249 19637 net.cpp:120] Setting up 2_ip2
I0126 20:28:19.713276 19637 net.cpp:127] Top shape: 350 10 (3500)
I0126 20:28:19.713282 19637 layer_factory.hpp:74] Creating layer 2_prob
I0126 20:28:19.713287 19637 net.cpp:90] Creating Layer 2_prob
I0126 20:28:19.713291 19637 net.cpp:410] 2_prob <- 2_ip2
I0126 20:28:19.713297 19637 net.cpp:368] 2_prob -> 2_prob
I0126 20:28:19.713302 19637 net.cpp:120] Setting up 2_prob
I0126 20:28:19.713309 19637 net.cpp:127] Top shape: 350 10 (3500)
I0126 20:28:19.713312 19637 layer_factory.hpp:74] Creating layer 3_conv1
I0126 20:28:19.713320 19637 net.cpp:90] Creating Layer 3_conv1
I0126 20:28:19.713325 19637 net.cpp:410] 3_conv1 <- data_cifar_0_split_2
I0126 20:28:19.713340 19637 net.cpp:368] 3_conv1 -> 3_conv1
I0126 20:28:19.713347 19637 net.cpp:120] Setting up 3_conv1
I0126 20:28:19.713415 19637 net.cpp:127] Top shape: 350 32 32 32 (11468800)
I0126 20:28:19.713423 19637 layer_factory.hpp:74] Creating layer 3_pool1
I0126 20:28:19.713428 19637 net.cpp:90] Creating Layer 3_pool1
I0126 20:28:19.713433 19637 net.cpp:410] 3_pool1 <- 3_conv1
I0126 20:28:19.713438 19637 net.cpp:368] 3_pool1 -> 3_pool1
I0126 20:28:19.713443 19637 net.cpp:120] Setting up 3_pool1
I0126 20:28:19.713449 19637 net.cpp:127] Top shape: 350 32 16 16 (2867200)
I0126 20:28:19.713454 19637 layer_factory.hpp:74] Creating layer 3_relu1
I0126 20:28:19.713459 19637 net.cpp:90] Creating Layer 3_relu1
I0126 20:28:19.713464 19637 net.cpp:410] 3_relu1 <- 3_pool1
I0126 20:28:19.713467 19637 net.cpp:357] 3_relu1 -> 3_pool1 (in-place)
I0126 20:28:19.713472 19637 net.cpp:120] Setting up 3_relu1
I0126 20:28:19.713477 19637 net.cpp:127] Top shape: 350 32 16 16 (2867200)
I0126 20:28:19.713480 19637 layer_factory.hpp:74] Creating layer 3_conv2
I0126 20:28:19.713486 19637 net.cpp:90] Creating Layer 3_conv2
I0126 20:28:19.713490 19637 net.cpp:410] 3_conv2 <- 3_pool1
I0126 20:28:19.713495 19637 net.cpp:368] 3_conv2 -> 3_conv2
I0126 20:28:19.713500 19637 net.cpp:120] Setting up 3_conv2
I0126 20:28:19.714082 19637 net.cpp:127] Top shape: 350 32 16 16 (2867200)
I0126 20:28:19.714088 19637 layer_factory.hpp:74] Creating layer 3_relu2
I0126 20:28:19.714094 19637 net.cpp:90] Creating Layer 3_relu2
I0126 20:28:19.714098 19637 net.cpp:410] 3_relu2 <- 3_conv2
I0126 20:28:19.714102 19637 net.cpp:357] 3_relu2 -> 3_conv2 (in-place)
I0126 20:28:19.714107 19637 net.cpp:120] Setting up 3_relu2
I0126 20:28:19.714112 19637 net.cpp:127] Top shape: 350 32 16 16 (2867200)
I0126 20:28:19.714115 19637 layer_factory.hpp:74] Creating layer 3_pool2
I0126 20:28:19.714120 19637 net.cpp:90] Creating Layer 3_pool2
I0126 20:28:19.714123 19637 net.cpp:410] 3_pool2 <- 3_conv2
I0126 20:28:19.714128 19637 net.cpp:368] 3_pool2 -> 3_pool2
I0126 20:28:19.714133 19637 net.cpp:120] Setting up 3_pool2
I0126 20:28:19.714139 19637 net.cpp:127] Top shape: 350 32 8 8 (716800)
I0126 20:28:19.714143 19637 layer_factory.hpp:74] Creating layer 3_conv3
I0126 20:28:19.714153 19637 net.cpp:90] Creating Layer 3_conv3
I0126 20:28:19.714157 19637 net.cpp:410] 3_conv3 <- 3_pool2
I0126 20:28:19.714164 19637 net.cpp:368] 3_conv3 -> 3_conv3
I0126 20:28:19.714169 19637 net.cpp:120] Setting up 3_conv3
I0126 20:28:19.715319 19637 net.cpp:127] Top shape: 350 64 8 8 (1433600)
I0126 20:28:19.715327 19637 layer_factory.hpp:74] Creating layer 3_relu3
I0126 20:28:19.715332 19637 net.cpp:90] Creating Layer 3_relu3
I0126 20:28:19.715335 19637 net.cpp:410] 3_relu3 <- 3_conv3
I0126 20:28:19.715342 19637 net.cpp:357] 3_relu3 -> 3_conv3 (in-place)
I0126 20:28:19.715345 19637 net.cpp:120] Setting up 3_relu3
I0126 20:28:19.715350 19637 net.cpp:127] Top shape: 350 64 8 8 (1433600)
I0126 20:28:19.715353 19637 layer_factory.hpp:74] Creating layer 3_pool3
I0126 20:28:19.715358 19637 net.cpp:90] Creating Layer 3_pool3
I0126 20:28:19.715363 19637 net.cpp:410] 3_pool3 <- 3_conv3
I0126 20:28:19.715366 19637 net.cpp:368] 3_pool3 -> 3_pool3
I0126 20:28:19.715371 19637 net.cpp:120] Setting up 3_pool3
I0126 20:28:19.715378 19637 net.cpp:127] Top shape: 350 64 4 4 (358400)
I0126 20:28:19.715380 19637 layer_factory.hpp:74] Creating layer 3_ip1
I0126 20:28:19.715387 19637 net.cpp:90] Creating Layer 3_ip1
I0126 20:28:19.715390 19637 net.cpp:410] 3_ip1 <- 3_pool3
I0126 20:28:19.715396 19637 net.cpp:368] 3_ip1 -> 3_ip1
I0126 20:28:19.715401 19637 net.cpp:120] Setting up 3_ip1
I0126 20:28:19.716867 19637 net.cpp:127] Top shape: 350 64 (22400)
I0126 20:28:19.716874 19637 layer_factory.hpp:74] Creating layer 3_ip2
I0126 20:28:19.716883 19637 net.cpp:90] Creating Layer 3_ip2
I0126 20:28:19.716887 19637 net.cpp:410] 3_ip2 <- 3_ip1
I0126 20:28:19.716893 19637 net.cpp:368] 3_ip2 -> 3_ip2
I0126 20:28:19.716899 19637 net.cpp:120] Setting up 3_ip2
I0126 20:28:19.716928 19637 net.cpp:127] Top shape: 350 10 (3500)
I0126 20:28:19.716939 19637 layer_factory.hpp:74] Creating layer 3_prob
I0126 20:28:19.716944 19637 net.cpp:90] Creating Layer 3_prob
I0126 20:28:19.716948 19637 net.cpp:410] 3_prob <- 3_ip2
I0126 20:28:19.716953 19637 net.cpp:368] 3_prob -> 3_prob
I0126 20:28:19.716958 19637 net.cpp:120] Setting up 3_prob
I0126 20:28:19.716965 19637 net.cpp:127] Top shape: 350 10 (3500)
I0126 20:28:19.716970 19637 layer_factory.hpp:74] Creating layer loss
I0126 20:28:19.716979 19637 net.cpp:90] Creating Layer loss
I0126 20:28:19.716984 19637 net.cpp:410] loss <- 1_prob
I0126 20:28:19.716989 19637 net.cpp:410] loss <- 2_prob
I0126 20:28:19.716992 19637 net.cpp:410] loss <- 3_prob
I0126 20:28:19.716996 19637 net.cpp:410] loss <- label
I0126 20:28:19.717005 19637 net.cpp:368] loss -> multiple-output loss
I0126 20:28:19.717013 19637 net.cpp:368] loss -> batch-instance-counts
I0126 20:28:19.717020 19637 net.cpp:368] loss -> train-instance-counts
I0126 20:28:19.717028 19637 net.cpp:120] Setting up loss
I0126 20:28:19.717042 19637 net.cpp:127] Top shape: 3 1 1 1 (3)
I0126 20:28:19.717046 19637 net.cpp:129]     with loss weight 1
I0126 20:28:19.717064 19637 net.cpp:127] Top shape: 3 1 1 1 (3)
I0126 20:28:19.717068 19637 net.cpp:127] Top shape: 3 1 1 1 (3)
I0126 20:28:19.717072 19637 net.cpp:192] loss needs backward computation.
I0126 20:28:19.717077 19637 net.cpp:192] 3_prob needs backward computation.
I0126 20:28:19.717080 19637 net.cpp:192] 3_ip2 needs backward computation.
I0126 20:28:19.717083 19637 net.cpp:192] 3_ip1 needs backward computation.
I0126 20:28:19.717087 19637 net.cpp:192] 3_pool3 needs backward computation.
I0126 20:28:19.717089 19637 net.cpp:192] 3_relu3 needs backward computation.
I0126 20:28:19.717093 19637 net.cpp:192] 3_conv3 needs backward computation.
I0126 20:28:19.717097 19637 net.cpp:192] 3_pool2 needs backward computation.
I0126 20:28:19.717099 19637 net.cpp:192] 3_relu2 needs backward computation.
I0126 20:28:19.717103 19637 net.cpp:192] 3_conv2 needs backward computation.
I0126 20:28:19.717105 19637 net.cpp:192] 3_relu1 needs backward computation.
I0126 20:28:19.717108 19637 net.cpp:192] 3_pool1 needs backward computation.
I0126 20:28:19.717111 19637 net.cpp:192] 3_conv1 needs backward computation.
I0126 20:28:19.717115 19637 net.cpp:192] 2_prob needs backward computation.
I0126 20:28:19.717118 19637 net.cpp:192] 2_ip2 needs backward computation.
I0126 20:28:19.717121 19637 net.cpp:192] 2_ip1 needs backward computation.
I0126 20:28:19.717133 19637 net.cpp:192] 2_pool3 needs backward computation.
I0126 20:28:19.717138 19637 net.cpp:192] 2_relu3 needs backward computation.
I0126 20:28:19.717140 19637 net.cpp:192] 2_conv3 needs backward computation.
I0126 20:28:19.717144 19637 net.cpp:192] 2_pool2 needs backward computation.
I0126 20:28:19.717146 19637 net.cpp:192] 2_relu2 needs backward computation.
I0126 20:28:19.717149 19637 net.cpp:192] 2_conv2 needs backward computation.
I0126 20:28:19.717152 19637 net.cpp:192] 2_relu1 needs backward computation.
I0126 20:28:19.717155 19637 net.cpp:192] 2_pool1 needs backward computation.
I0126 20:28:19.717159 19637 net.cpp:192] 2_conv1 needs backward computation.
I0126 20:28:19.717162 19637 net.cpp:192] 1_prob needs backward computation.
I0126 20:28:19.717165 19637 net.cpp:192] 1_ip2 needs backward computation.
I0126 20:28:19.717169 19637 net.cpp:192] 1_ip1 needs backward computation.
I0126 20:28:19.717171 19637 net.cpp:192] 1_pool3 needs backward computation.
I0126 20:28:19.717175 19637 net.cpp:192] 1_relu3 needs backward computation.
I0126 20:28:19.717178 19637 net.cpp:192] 1_conv3 needs backward computation.
I0126 20:28:19.717181 19637 net.cpp:192] 1_pool2 needs backward computation.
I0126 20:28:19.717185 19637 net.cpp:192] 1_relu2 needs backward computation.
I0126 20:28:19.717187 19637 net.cpp:192] 1_conv2 needs backward computation.
I0126 20:28:19.717190 19637 net.cpp:192] 1_relu1 needs backward computation.
I0126 20:28:19.717193 19637 net.cpp:192] 1_pool1 needs backward computation.
I0126 20:28:19.717196 19637 net.cpp:192] 1_conv1 needs backward computation.
I0126 20:28:19.717209 19637 net.cpp:194] data_cifar_0_split does not need backward computation.
I0126 20:28:19.717213 19637 net.cpp:194] cifar does not need backward computation.
I0126 20:28:19.717216 19637 net.cpp:235] This network produces output batch-instance-counts
I0126 20:28:19.717221 19637 net.cpp:235] This network produces output multiple-output loss
I0126 20:28:19.717224 19637 net.cpp:235] This network produces output train-instance-counts
I0126 20:28:19.717247 19637 net.cpp:482] Collecting Learning Rate and Weight Decay.
I0126 20:28:19.717255 19637 net.cpp:247] Network initialization done.
I0126 20:28:19.717259 19637 net.cpp:248] Memory required for data: 340117436
I0126 20:28:19.717865 19637 solver.cpp:154] Creating test net (#0) specified by net file: /home/mike/ml_lab/mod/MCL_Caffe/examples/cifar10/cifar10_inst_dist_experiments/3_models/mcl_cifar10_quick_train_test.prototxt
I0126 20:28:19.717907 19637 net.cpp:287] The NetState phase (1) differed from the phase (0) specified by a rule in layer cifar
I0126 20:28:19.717929 19637 net.cpp:287] The NetState phase (1) differed from the phase (0) specified by a rule in layer loss
I0126 20:28:19.718068 19637 net.cpp:42] Initializing net from parameters: 
name: "CIFAR10_quick"
state {
  phase: TEST
}
layer {
  name: "cifar"
  type: "Data"
  top: "data"
  top: "label"
  include {
    phase: TEST
  }
  transform_param {
    mean_file: "/home/mike/ml_lab/mod/MCL_Caffe/examples/cifar10/mean.binaryproto"
  }
  data_param {
    source: "/home/mike/ml_lab/mod/MCL_Caffe/examples/cifar10/cifar10_test_lmdb"
    batch_size: 100
    backend: LMDB
  }
}
layer {
  name: "1_conv1"
  type: "Convolution"
  bottom: "data"
  top: "1_conv1"
  param {
    lr_mult: 1
  }
  param {
    lr_mult: 2
  }
  convolution_param {
    num_output: 32
    pad: 2
    kernel_size: 5
    stride: 1
    weight_filler {
      type: "gaussian"
      std: 0.0001
    }
    bias_filler {
      type: "constant"
    }
  }
}
layer {
  name: "1_pool1"
  type: "Pooling"
  bottom: "1_conv1"
  top: "1_pool1"
  pooling_param {
    pool: MAX
    kernel_size: 3
    stride: 2
  }
}
layer {
  name: "1_relu1"
  type: "ReLU"
  bottom: "1_pool1"
  top: "1_pool1"
}
layer {
  name: "1_conv2"
  type: "Convolution"
  bottom: "1_pool1"
  top: "1_conv2"
  param {
    lr_mult: 1
  }
  param {
    lr_mult: 2
  }
  convolution_param {
    num_output: 32
    pad: 2
    kernel_size: 5
    stride: 1
    weight_filler {
      type: "gaussian"
      std: 0.01
    }
    bias_filler {
      type: "constant"
    }
  }
}
layer {
  name: "1_relu2"
  type: "ReLU"
  bottom: "1_conv2"
  top: "1_conv2"
}
layer {
  name: "1_pool2"
  type: "Pooling"
  bottom: "1_conv2"
  top: "1_pool2"
  pooling_param {
    pool: AVE
    kernel_size: 3
    stride: 2
  }
}
layer {
  name: "1_conv3"
  type: "Convolution"
  bottom: "1_pool2"
  top: "1_conv3"
  param {
    lr_mult: 1
  }
  param {
    lr_mult: 2
  }
  convolution_param {
    num_output: 64
    pad: 2
    kernel_size: 5
    stride: 1
    weight_filler {
      type: "gaussian"
      std: 0.01
    }
    bias_filler {
      type: "constant"
    }
  }
}
layer {
  name: "1_relu3"
  type: "ReLU"
  bottom: "1_conv3"
  top: "1_conv3"
}
layer {
  name: "1_pool3"
  type: "Pooling"
  bottom: "1_conv3"
  top: "1_pool3"
  pooling_param {
    pool: AVE
    kernel_size: 3
    stride: 2
  }
}
layer {
  name: "1_ip1"
  type: "InnerProduct"
  bottom: "1_pool3"
  top: "1_ip1"
  param {
    lr_mult: 1
  }
  param {
    lr_mult: 2
  }
  inner_product_param {
    num_output: 64
    weight_filler {
      type: "gaussian"
      std: 0.1
    }
    bias_filler {
      type: "constant"
    }
  }
}
layer {
  name: "1_ip2"
  type: "InnerProduct"
  bottom: "1_ip1"
  top: "1_ip2"
  param {
    lr_mult: 1
  }
  param {
    lr_mult: 2
  }
  inner_product_param {
    num_output: 10
    weight_filler {
      type: "gaussian"
      std: 0.1
    }
    bias_filler {
      type: "constant"
    }
  }
}
layer {
  name: "1_prob"
  type: "Softmax"
  bottom: "1_ip2"
  top: "1_prob"
}
layer {
  name: "2_conv1"
  type: "Convolution"
  bottom: "data"
  top: "2_conv1"
  param {
    lr_mult: 1
  }
  param {
    lr_mult: 2
  }
  convolution_param {
    num_output: 32
    pad: 2
    kernel_size: 5
    stride: 1
    weight_filler {
      type: "gaussian"
      std: 0.0001
    }
    bias_filler {
      type: "constant"
    }
  }
}
layer {
  name: "2_pool1"
  type: "Pooling"
  bottom: "2_conv1"
  top: "2_pool1"
  pooling_param {
    pool: MAX
    kernel_size: 3
    stride: 2
  }
}
layer {
  name: "2_relu1"
  type: "ReLU"
  bottom: "2_pool1"
  top: "2_pool1"
}
layer {
  name: "2_conv2"
  type: "Convolution"
  bottom: "2_pool1"
  top: "2_conv2"
  param {
    lr_mult: 1
  }
  param {
    lr_mult: 2
  }
  convolution_param {
    num_output: 32
    pad: 2
    kernel_size: 5
    stride: 1
    weight_filler {
      type: "gaussian"
      std: 0.01
    }
    bias_filler {
      type: "constant"
    }
  }
}
layer {
  name: "2_relu2"
  type: "ReLU"
  bottom: "2_conv2"
  top: "2_conv2"
}
layer {
  name: "2_pool2"
  type: "Pooling"
  bottom: "2_conv2"
  top: "2_pool2"
  pooling_param {
    pool: AVE
    kernel_size: 3
    stride: 2
  }
}
layer {
  name: "2_conv3"
  type: "Convolution"
  bottom: "2_pool2"
  top: "2_conv3"
  param {
    lr_mult: 1
  }
  param {
    lr_mult: 2
  }
  convolution_param {
    num_output: 64
    pad: 2
    kernel_size: 5
    stride: 1
    weight_filler {
      type: "gaussian"
      std: 0.01
    }
    bias_filler {
      type: "constant"
    }
  }
}
layer {
  name: "2_relu3"
  type: "ReLU"
  bottom: "2_conv3"
  top: "2_conv3"
}
layer {
  name: "2_pool3"
  type: "Pooling"
  bottom: "2_conv3"
  top: "2_pool3"
  pooling_param {
    pool: AVE
    kernel_size: 3
    stride: 2
  }
}
layer {
  name: "2_ip1"
  type: "InnerProduct"
  bottom: "2_pool3"
  top: "2_ip1"
  param {
    lr_mult: 1
  }
  param {
    lr_mult: 2
  }
  inner_product_param {
    num_output: 64
    weight_filler {
      type: "gaussian"
      std: 0.1
    }
    bias_filler {
      type: "constant"
    }
  }
}
layer {
  name: "2_ip2"
  type: "InnerProduct"
  bottom: "2_ip1"
  top: "2_ip2"
  param {
    lr_mult: 1
  }
  param {
    lr_mult: 2
  }
  inner_product_param {
    num_output: 10
    weight_filler {
      type: "gaussian"
      std: 0.1
    }
    bias_filler {
      type: "constant"
    }
  }
}
layer {
  name: "2_prob"
  type: "Softmax"
  bottom: "2_ip2"
  top: "2_prob"
}
layer {
  name: "3_conv1"
  type: "Convolution"
  bottom: "data"
  top: "3_conv1"
  param {
    lr_mult: 1
  }
  param {
    lr_mult: 2
  }
  convolution_param {
    num_output: 32
    pad: 2
    kernel_size: 5
    stride: 1
    weight_filler {
      type: "gaussian"
      std: 0.0001
    }
    bias_filler {
      type: "constant"
    }
  }
}
layer {
  name: "3_pool1"
  type: "Pooling"
  bottom: "3_conv1"
  top: "3_pool1"
  pooling_param {
    pool: MAX
    kernel_size: 3
    stride: 2
  }
}
layer {
  name: "3_relu1"
  type: "ReLU"
  bottom: "3_pool1"
  top: "3_pool1"
}
layer {
  name: "3_conv2"
  type: "Convolution"
  bottom: "3_pool1"
  top: "3_conv2"
  param {
    lr_mult: 1
  }
  param {
    lr_mult: 2
  }
  convolution_param {
    num_output: 32
    pad: 2
    kernel_size: 5
    stride: 1
    weight_filler {
      type: "gaussian"
      std: 0.01
    }
    bias_filler {
      type: "constant"
    }
  }
}
layer {
  name: "3_relu2"
  type: "ReLU"
  bottom: "3_conv2"
  top: "3_conv2"
}
layer {
  name: "3_pool2"
  type: "Pooling"
  bottom: "3_conv2"
  top: "3_pool2"
  pooling_param {
    pool: AVE
    kernel_size: 3
    stride: 2
  }
}
layer {
  name: "3_conv3"
  type: "Convolution"
  bottom: "3_pool2"
  top: "3_conv3"
  param {
    lr_mult: 1
  }
  param {
    lr_mult: 2
  }
  convolution_param {
    num_output: 64
    pad: 2
    kernel_size: 5
    stride: 1
    weight_filler {
      type: "gaussian"
      std: 0.01
    }
    bias_filler {
      type: "constant"
    }
  }
}
layer {
  name: "3_relu3"
  type: "ReLU"
  bottom: "3_conv3"
  top: "3_conv3"
}
layer {
  name: "3_pool3"
  type: "Pooling"
  bottom: "3_conv3"
  top: "3_pool3"
  pooling_param {
    pool: AVE
    kernel_size: 3
    stride: 2
  }
}
layer {
  name: "3_ip1"
  type: "InnerProduct"
  bottom: "3_pool3"
  top: "3_ip1"
  param {
    lr_mult: 1
  }
  param {
    lr_mult: 2
  }
  inner_product_param {
    num_output: 64
    weight_filler {
      type: "gaussian"
      std: 0.1
    }
    bias_filler {
      type: "constant"
    }
  }
}
layer {
  name: "3_ip2"
  type: "InnerProduct"
  bottom: "3_ip1"
  top: "3_ip2"
  param {
    lr_mult: 1
  }
  param {
    lr_mult: 2
  }
  inner_product_param {
    num_output: 10
    weight_filler {
      type: "gaussian"
      std: 0.1
    }
    bias_filler {
      type: "constant"
    }
  }
}
layer {
  name: "3_prob"
  type: "Softmax"
  bottom: "3_ip2"
  top: "3_prob"
}
layer {
  name: "1_accuracy"
  type: "Accuracy"
  bottom: "1_prob"
  bottom: "label"
  top: "1_accuracy"
  include {
    phase: TEST
  }
}
layer {
  name: "2_accuracy"
  type: "Accuracy"
  bottom: "2_prob"
  bottom: "label"
  top: "2_accuracy"
  include {
    phase: TEST
  }
}
layer {
  name: "3_accuracy"
  type: "Accuracy"
  bottom: "3_prob"
  bottom: "label"
  top: "3_accuracy"
  include {
    phase: TEST
  }
}
layer {
  name: "accuracy"
  type: "OracleAccuracy"
  bottom: "1_prob"
  bottom: "2_prob"
  bottom: "3_prob"
  bottom: "label"
  top: "oracle accuracy"
  include {
    phase: TEST
  }
}
I0126 20:28:19.718260 19637 layer_factory.hpp:74] Creating layer cifar
I0126 20:28:19.718267 19637 net.cpp:90] Creating Layer cifar
I0126 20:28:19.718272 19637 net.cpp:368] cifar -> data
I0126 20:28:19.718281 19637 net.cpp:368] cifar -> label
I0126 20:28:19.718286 19637 net.cpp:120] Setting up cifar
I0126 20:28:19.718324 19637 db.cpp:34] Opened lmdb /home/mike/ml_lab/mod/MCL_Caffe/examples/cifar10/cifar10_test_lmdb
I0126 20:28:19.718343 19637 data_layer.cpp:67] output data size: 100,3,32,32
I0126 20:28:19.718348 19637 data_transformer.cpp:22] Loading mean file from: /home/mike/ml_lab/mod/MCL_Caffe/examples/cifar10/mean.binaryproto
I0126 20:28:19.718727 19637 net.cpp:127] Top shape: 100 3 32 32 (307200)
I0126 20:28:19.718734 19637 net.cpp:127] Top shape: 100 (100)
I0126 20:28:19.718737 19637 layer_factory.hpp:74] Creating layer data_cifar_0_split
I0126 20:28:19.718744 19637 net.cpp:90] Creating Layer data_cifar_0_split
I0126 20:28:19.718747 19637 net.cpp:410] data_cifar_0_split <- data
I0126 20:28:19.718752 19637 net.cpp:368] data_cifar_0_split -> data_cifar_0_split_0
I0126 20:28:19.718760 19637 net.cpp:368] data_cifar_0_split -> data_cifar_0_split_1
I0126 20:28:19.718765 19637 net.cpp:368] data_cifar_0_split -> data_cifar_0_split_2
I0126 20:28:19.718770 19637 net.cpp:120] Setting up data_cifar_0_split
I0126 20:28:19.718776 19637 net.cpp:127] Top shape: 100 3 32 32 (307200)
I0126 20:28:19.718780 19637 net.cpp:127] Top shape: 100 3 32 32 (307200)
I0126 20:28:19.718786 19637 net.cpp:127] Top shape: 100 3 32 32 (307200)
I0126 20:28:19.718789 19637 layer_factory.hpp:74] Creating layer label_cifar_1_split
I0126 20:28:19.718794 19637 net.cpp:90] Creating Layer label_cifar_1_split
I0126 20:28:19.718797 19637 net.cpp:410] label_cifar_1_split <- label
I0126 20:28:19.718801 19637 net.cpp:368] label_cifar_1_split -> label_cifar_1_split_0
I0126 20:28:19.718806 19637 net.cpp:368] label_cifar_1_split -> label_cifar_1_split_1
I0126 20:28:19.718812 19637 net.cpp:368] label_cifar_1_split -> label_cifar_1_split_2
I0126 20:28:19.718818 19637 net.cpp:368] label_cifar_1_split -> label_cifar_1_split_3
I0126 20:28:19.718823 19637 net.cpp:120] Setting up label_cifar_1_split
I0126 20:28:19.718829 19637 net.cpp:127] Top shape: 100 (100)
I0126 20:28:19.718833 19637 net.cpp:127] Top shape: 100 (100)
I0126 20:28:19.718837 19637 net.cpp:127] Top shape: 100 (100)
I0126 20:28:19.718842 19637 net.cpp:127] Top shape: 100 (100)
I0126 20:28:19.718844 19637 layer_factory.hpp:74] Creating layer 1_conv1
I0126 20:28:19.718849 19637 net.cpp:90] Creating Layer 1_conv1
I0126 20:28:19.718852 19637 net.cpp:410] 1_conv1 <- data_cifar_0_split_0
I0126 20:28:19.718858 19637 net.cpp:368] 1_conv1 -> 1_conv1
I0126 20:28:19.718863 19637 net.cpp:120] Setting up 1_conv1
I0126 20:28:19.718950 19637 net.cpp:127] Top shape: 100 32 32 32 (3276800)
I0126 20:28:19.718966 19637 layer_factory.hpp:74] Creating layer 1_pool1
I0126 20:28:19.718971 19637 net.cpp:90] Creating Layer 1_pool1
I0126 20:28:19.718974 19637 net.cpp:410] 1_pool1 <- 1_conv1
I0126 20:28:19.718979 19637 net.cpp:368] 1_pool1 -> 1_pool1
I0126 20:28:19.718984 19637 net.cpp:120] Setting up 1_pool1
I0126 20:28:19.718991 19637 net.cpp:127] Top shape: 100 32 16 16 (819200)
I0126 20:28:19.718994 19637 layer_factory.hpp:74] Creating layer 1_relu1
I0126 20:28:19.719000 19637 net.cpp:90] Creating Layer 1_relu1
I0126 20:28:19.719003 19637 net.cpp:410] 1_relu1 <- 1_pool1
I0126 20:28:19.719007 19637 net.cpp:357] 1_relu1 -> 1_pool1 (in-place)
I0126 20:28:19.719012 19637 net.cpp:120] Setting up 1_relu1
I0126 20:28:19.719017 19637 net.cpp:127] Top shape: 100 32 16 16 (819200)
I0126 20:28:19.719020 19637 layer_factory.hpp:74] Creating layer 1_conv2
I0126 20:28:19.719025 19637 net.cpp:90] Creating Layer 1_conv2
I0126 20:28:19.719028 19637 net.cpp:410] 1_conv2 <- 1_pool1
I0126 20:28:19.719033 19637 net.cpp:368] 1_conv2 -> 1_conv2
I0126 20:28:19.719038 19637 net.cpp:120] Setting up 1_conv2
I0126 20:28:19.719825 19637 net.cpp:127] Top shape: 100 32 16 16 (819200)
I0126 20:28:19.719835 19637 layer_factory.hpp:74] Creating layer 1_relu2
I0126 20:28:19.719841 19637 net.cpp:90] Creating Layer 1_relu2
I0126 20:28:19.719846 19637 net.cpp:410] 1_relu2 <- 1_conv2
I0126 20:28:19.719851 19637 net.cpp:357] 1_relu2 -> 1_conv2 (in-place)
I0126 20:28:19.719856 19637 net.cpp:120] Setting up 1_relu2
I0126 20:28:19.719861 19637 net.cpp:127] Top shape: 100 32 16 16 (819200)
I0126 20:28:19.719864 19637 layer_factory.hpp:74] Creating layer 1_pool2
I0126 20:28:19.719871 19637 net.cpp:90] Creating Layer 1_pool2
I0126 20:28:19.719873 19637 net.cpp:410] 1_pool2 <- 1_conv2
I0126 20:28:19.719880 19637 net.cpp:368] 1_pool2 -> 1_pool2
I0126 20:28:19.719885 19637 net.cpp:120] Setting up 1_pool2
I0126 20:28:19.719892 19637 net.cpp:127] Top shape: 100 32 8 8 (204800)
I0126 20:28:19.719894 19637 layer_factory.hpp:74] Creating layer 1_conv3
I0126 20:28:19.719900 19637 net.cpp:90] Creating Layer 1_conv3
I0126 20:28:19.719903 19637 net.cpp:410] 1_conv3 <- 1_pool2
I0126 20:28:19.719910 19637 net.cpp:368] 1_conv3 -> 1_conv3
I0126 20:28:19.719915 19637 net.cpp:120] Setting up 1_conv3
I0126 20:28:19.721065 19637 net.cpp:127] Top shape: 100 64 8 8 (409600)
I0126 20:28:19.721074 19637 layer_factory.hpp:74] Creating layer 1_relu3
I0126 20:28:19.721081 19637 net.cpp:90] Creating Layer 1_relu3
I0126 20:28:19.721083 19637 net.cpp:410] 1_relu3 <- 1_conv3
I0126 20:28:19.721087 19637 net.cpp:357] 1_relu3 -> 1_conv3 (in-place)
I0126 20:28:19.721092 19637 net.cpp:120] Setting up 1_relu3
I0126 20:28:19.721097 19637 net.cpp:127] Top shape: 100 64 8 8 (409600)
I0126 20:28:19.721101 19637 layer_factory.hpp:74] Creating layer 1_pool3
I0126 20:28:19.721107 19637 net.cpp:90] Creating Layer 1_pool3
I0126 20:28:19.721109 19637 net.cpp:410] 1_pool3 <- 1_conv3
I0126 20:28:19.721114 19637 net.cpp:368] 1_pool3 -> 1_pool3
I0126 20:28:19.721119 19637 net.cpp:120] Setting up 1_pool3
I0126 20:28:19.721133 19637 net.cpp:127] Top shape: 100 64 4 4 (102400)
I0126 20:28:19.721138 19637 layer_factory.hpp:74] Creating layer 1_ip1
I0126 20:28:19.721143 19637 net.cpp:90] Creating Layer 1_ip1
I0126 20:28:19.721146 19637 net.cpp:410] 1_ip1 <- 1_pool3
I0126 20:28:19.721154 19637 net.cpp:368] 1_ip1 -> 1_ip1
I0126 20:28:19.721161 19637 net.cpp:120] Setting up 1_ip1
I0126 20:28:19.722676 19637 net.cpp:127] Top shape: 100 64 (6400)
I0126 20:28:19.722682 19637 layer_factory.hpp:74] Creating layer 1_ip2
I0126 20:28:19.722688 19637 net.cpp:90] Creating Layer 1_ip2
I0126 20:28:19.722692 19637 net.cpp:410] 1_ip2 <- 1_ip1
I0126 20:28:19.722699 19637 net.cpp:368] 1_ip2 -> 1_ip2
I0126 20:28:19.722707 19637 net.cpp:120] Setting up 1_ip2
I0126 20:28:19.722735 19637 net.cpp:127] Top shape: 100 10 (1000)
I0126 20:28:19.722743 19637 layer_factory.hpp:74] Creating layer 1_prob
I0126 20:28:19.722748 19637 net.cpp:90] Creating Layer 1_prob
I0126 20:28:19.722753 19637 net.cpp:410] 1_prob <- 1_ip2
I0126 20:28:19.722769 19637 net.cpp:368] 1_prob -> 1_prob
I0126 20:28:19.722776 19637 net.cpp:120] Setting up 1_prob
I0126 20:28:19.722784 19637 net.cpp:127] Top shape: 100 10 (1000)
I0126 20:28:19.722789 19637 layer_factory.hpp:74] Creating layer 1_prob_1_prob_0_split
I0126 20:28:19.722793 19637 net.cpp:90] Creating Layer 1_prob_1_prob_0_split
I0126 20:28:19.722797 19637 net.cpp:410] 1_prob_1_prob_0_split <- 1_prob
I0126 20:28:19.722805 19637 net.cpp:368] 1_prob_1_prob_0_split -> 1_prob_1_prob_0_split_0
I0126 20:28:19.722810 19637 net.cpp:368] 1_prob_1_prob_0_split -> 1_prob_1_prob_0_split_1
I0126 20:28:19.722815 19637 net.cpp:120] Setting up 1_prob_1_prob_0_split
I0126 20:28:19.722822 19637 net.cpp:127] Top shape: 100 10 (1000)
I0126 20:28:19.722826 19637 net.cpp:127] Top shape: 100 10 (1000)
I0126 20:28:19.722831 19637 layer_factory.hpp:74] Creating layer 2_conv1
I0126 20:28:19.722839 19637 net.cpp:90] Creating Layer 2_conv1
I0126 20:28:19.722846 19637 net.cpp:410] 2_conv1 <- data_cifar_0_split_1
I0126 20:28:19.722851 19637 net.cpp:368] 2_conv1 -> 2_conv1
I0126 20:28:19.722858 19637 net.cpp:120] Setting up 2_conv1
I0126 20:28:19.722930 19637 net.cpp:127] Top shape: 100 32 32 32 (3276800)
I0126 20:28:19.722936 19637 layer_factory.hpp:74] Creating layer 2_pool1
I0126 20:28:19.722942 19637 net.cpp:90] Creating Layer 2_pool1
I0126 20:28:19.722946 19637 net.cpp:410] 2_pool1 <- 2_conv1
I0126 20:28:19.722951 19637 net.cpp:368] 2_pool1 -> 2_pool1
I0126 20:28:19.722956 19637 net.cpp:120] Setting up 2_pool1
I0126 20:28:19.722964 19637 net.cpp:127] Top shape: 100 32 16 16 (819200)
I0126 20:28:19.722967 19637 layer_factory.hpp:74] Creating layer 2_relu1
I0126 20:28:19.722972 19637 net.cpp:90] Creating Layer 2_relu1
I0126 20:28:19.722975 19637 net.cpp:410] 2_relu1 <- 2_pool1
I0126 20:28:19.722982 19637 net.cpp:357] 2_relu1 -> 2_pool1 (in-place)
I0126 20:28:19.722987 19637 net.cpp:120] Setting up 2_relu1
I0126 20:28:19.722992 19637 net.cpp:127] Top shape: 100 32 16 16 (819200)
I0126 20:28:19.722996 19637 layer_factory.hpp:74] Creating layer 2_conv2
I0126 20:28:19.723001 19637 net.cpp:90] Creating Layer 2_conv2
I0126 20:28:19.723006 19637 net.cpp:410] 2_conv2 <- 2_pool1
I0126 20:28:19.723011 19637 net.cpp:368] 2_conv2 -> 2_conv2
I0126 20:28:19.723016 19637 net.cpp:120] Setting up 2_conv2
I0126 20:28:19.723655 19637 net.cpp:127] Top shape: 100 32 16 16 (819200)
I0126 20:28:19.723662 19637 layer_factory.hpp:74] Creating layer 2_relu2
I0126 20:28:19.723666 19637 net.cpp:90] Creating Layer 2_relu2
I0126 20:28:19.723670 19637 net.cpp:410] 2_relu2 <- 2_conv2
I0126 20:28:19.723676 19637 net.cpp:357] 2_relu2 -> 2_conv2 (in-place)
I0126 20:28:19.723681 19637 net.cpp:120] Setting up 2_relu2
I0126 20:28:19.723686 19637 net.cpp:127] Top shape: 100 32 16 16 (819200)
I0126 20:28:19.723690 19637 layer_factory.hpp:74] Creating layer 2_pool2
I0126 20:28:19.723695 19637 net.cpp:90] Creating Layer 2_pool2
I0126 20:28:19.723697 19637 net.cpp:410] 2_pool2 <- 2_conv2
I0126 20:28:19.723702 19637 net.cpp:368] 2_pool2 -> 2_pool2
I0126 20:28:19.723707 19637 net.cpp:120] Setting up 2_pool2
I0126 20:28:19.723713 19637 net.cpp:127] Top shape: 100 32 8 8 (204800)
I0126 20:28:19.723716 19637 layer_factory.hpp:74] Creating layer 2_conv3
I0126 20:28:19.723723 19637 net.cpp:90] Creating Layer 2_conv3
I0126 20:28:19.723726 19637 net.cpp:410] 2_conv3 <- 2_pool2
I0126 20:28:19.723732 19637 net.cpp:368] 2_conv3 -> 2_conv3
I0126 20:28:19.723737 19637 net.cpp:120] Setting up 2_conv3
I0126 20:28:19.724887 19637 net.cpp:127] Top shape: 100 64 8 8 (409600)
I0126 20:28:19.724895 19637 layer_factory.hpp:74] Creating layer 2_relu3
I0126 20:28:19.724900 19637 net.cpp:90] Creating Layer 2_relu3
I0126 20:28:19.724902 19637 net.cpp:410] 2_relu3 <- 2_conv3
I0126 20:28:19.724908 19637 net.cpp:357] 2_relu3 -> 2_conv3 (in-place)
I0126 20:28:19.724913 19637 net.cpp:120] Setting up 2_relu3
I0126 20:28:19.724917 19637 net.cpp:127] Top shape: 100 64 8 8 (409600)
I0126 20:28:19.724921 19637 layer_factory.hpp:74] Creating layer 2_pool3
I0126 20:28:19.724925 19637 net.cpp:90] Creating Layer 2_pool3
I0126 20:28:19.724936 19637 net.cpp:410] 2_pool3 <- 2_conv3
I0126 20:28:19.724942 19637 net.cpp:368] 2_pool3 -> 2_pool3
I0126 20:28:19.724948 19637 net.cpp:120] Setting up 2_pool3
I0126 20:28:19.724954 19637 net.cpp:127] Top shape: 100 64 4 4 (102400)
I0126 20:28:19.724957 19637 layer_factory.hpp:74] Creating layer 2_ip1
I0126 20:28:19.724963 19637 net.cpp:90] Creating Layer 2_ip1
I0126 20:28:19.724967 19637 net.cpp:410] 2_ip1 <- 2_pool3
I0126 20:28:19.724972 19637 net.cpp:368] 2_ip1 -> 2_ip1
I0126 20:28:19.724978 19637 net.cpp:120] Setting up 2_ip1
I0126 20:28:19.726511 19637 net.cpp:127] Top shape: 100 64 (6400)
I0126 20:28:19.726521 19637 layer_factory.hpp:74] Creating layer 2_ip2
I0126 20:28:19.726528 19637 net.cpp:90] Creating Layer 2_ip2
I0126 20:28:19.726532 19637 net.cpp:410] 2_ip2 <- 2_ip1
I0126 20:28:19.726539 19637 net.cpp:368] 2_ip2 -> 2_ip2
I0126 20:28:19.726546 19637 net.cpp:120] Setting up 2_ip2
I0126 20:28:19.726572 19637 net.cpp:127] Top shape: 100 10 (1000)
I0126 20:28:19.726577 19637 layer_factory.hpp:74] Creating layer 2_prob
I0126 20:28:19.726583 19637 net.cpp:90] Creating Layer 2_prob
I0126 20:28:19.726588 19637 net.cpp:410] 2_prob <- 2_ip2
I0126 20:28:19.726593 19637 net.cpp:368] 2_prob -> 2_prob
I0126 20:28:19.726598 19637 net.cpp:120] Setting up 2_prob
I0126 20:28:19.726606 19637 net.cpp:127] Top shape: 100 10 (1000)
I0126 20:28:19.726609 19637 layer_factory.hpp:74] Creating layer 2_prob_2_prob_0_split
I0126 20:28:19.726614 19637 net.cpp:90] Creating Layer 2_prob_2_prob_0_split
I0126 20:28:19.726618 19637 net.cpp:410] 2_prob_2_prob_0_split <- 2_prob
I0126 20:28:19.726622 19637 net.cpp:368] 2_prob_2_prob_0_split -> 2_prob_2_prob_0_split_0
I0126 20:28:19.726629 19637 net.cpp:368] 2_prob_2_prob_0_split -> 2_prob_2_prob_0_split_1
I0126 20:28:19.726642 19637 net.cpp:120] Setting up 2_prob_2_prob_0_split
I0126 20:28:19.726647 19637 net.cpp:127] Top shape: 100 10 (1000)
I0126 20:28:19.726652 19637 net.cpp:127] Top shape: 100 10 (1000)
I0126 20:28:19.726655 19637 layer_factory.hpp:74] Creating layer 3_conv1
I0126 20:28:19.726663 19637 net.cpp:90] Creating Layer 3_conv1
I0126 20:28:19.726667 19637 net.cpp:410] 3_conv1 <- data_cifar_0_split_2
I0126 20:28:19.726675 19637 net.cpp:368] 3_conv1 -> 3_conv1
I0126 20:28:19.726680 19637 net.cpp:120] Setting up 3_conv1
I0126 20:28:19.726754 19637 net.cpp:127] Top shape: 100 32 32 32 (3276800)
I0126 20:28:19.726760 19637 layer_factory.hpp:74] Creating layer 3_pool1
I0126 20:28:19.726766 19637 net.cpp:90] Creating Layer 3_pool1
I0126 20:28:19.726769 19637 net.cpp:410] 3_pool1 <- 3_conv1
I0126 20:28:19.726775 19637 net.cpp:368] 3_pool1 -> 3_pool1
I0126 20:28:19.726783 19637 net.cpp:120] Setting up 3_pool1
I0126 20:28:19.726790 19637 net.cpp:127] Top shape: 100 32 16 16 (819200)
I0126 20:28:19.726794 19637 layer_factory.hpp:74] Creating layer 3_relu1
I0126 20:28:19.726799 19637 net.cpp:90] Creating Layer 3_relu1
I0126 20:28:19.726804 19637 net.cpp:410] 3_relu1 <- 3_pool1
I0126 20:28:19.726809 19637 net.cpp:357] 3_relu1 -> 3_pool1 (in-place)
I0126 20:28:19.726814 19637 net.cpp:120] Setting up 3_relu1
I0126 20:28:19.726820 19637 net.cpp:127] Top shape: 100 32 16 16 (819200)
I0126 20:28:19.726824 19637 layer_factory.hpp:74] Creating layer 3_conv2
I0126 20:28:19.726831 19637 net.cpp:90] Creating Layer 3_conv2
I0126 20:28:19.726835 19637 net.cpp:410] 3_conv2 <- 3_pool1
I0126 20:28:19.726840 19637 net.cpp:368] 3_conv2 -> 3_conv2
I0126 20:28:19.726846 19637 net.cpp:120] Setting up 3_conv2
I0126 20:28:19.727476 19637 net.cpp:127] Top shape: 100 32 16 16 (819200)
I0126 20:28:19.727483 19637 layer_factory.hpp:74] Creating layer 3_relu2
I0126 20:28:19.727489 19637 net.cpp:90] Creating Layer 3_relu2
I0126 20:28:19.727494 19637 net.cpp:410] 3_relu2 <- 3_conv2
I0126 20:28:19.727499 19637 net.cpp:357] 3_relu2 -> 3_conv2 (in-place)
I0126 20:28:19.727504 19637 net.cpp:120] Setting up 3_relu2
I0126 20:28:19.727509 19637 net.cpp:127] Top shape: 100 32 16 16 (819200)
I0126 20:28:19.727511 19637 layer_factory.hpp:74] Creating layer 3_pool2
I0126 20:28:19.727516 19637 net.cpp:90] Creating Layer 3_pool2
I0126 20:28:19.727529 19637 net.cpp:410] 3_pool2 <- 3_conv2
I0126 20:28:19.727535 19637 net.cpp:368] 3_pool2 -> 3_pool2
I0126 20:28:19.727540 19637 net.cpp:120] Setting up 3_pool2
I0126 20:28:19.727547 19637 net.cpp:127] Top shape: 100 32 8 8 (204800)
I0126 20:28:19.727552 19637 layer_factory.hpp:74] Creating layer 3_conv3
I0126 20:28:19.727561 19637 net.cpp:90] Creating Layer 3_conv3
I0126 20:28:19.727566 19637 net.cpp:410] 3_conv3 <- 3_pool2
I0126 20:28:19.727573 19637 net.cpp:368] 3_conv3 -> 3_conv3
I0126 20:28:19.727581 19637 net.cpp:120] Setting up 3_conv3
I0126 20:28:19.728775 19637 net.cpp:127] Top shape: 100 64 8 8 (409600)
I0126 20:28:19.728782 19637 layer_factory.hpp:74] Creating layer 3_relu3
I0126 20:28:19.728788 19637 net.cpp:90] Creating Layer 3_relu3
I0126 20:28:19.728792 19637 net.cpp:410] 3_relu3 <- 3_conv3
I0126 20:28:19.728797 19637 net.cpp:357] 3_relu3 -> 3_conv3 (in-place)
I0126 20:28:19.728801 19637 net.cpp:120] Setting up 3_relu3
I0126 20:28:19.728806 19637 net.cpp:127] Top shape: 100 64 8 8 (409600)
I0126 20:28:19.728811 19637 layer_factory.hpp:74] Creating layer 3_pool3
I0126 20:28:19.728816 19637 net.cpp:90] Creating Layer 3_pool3
I0126 20:28:19.728822 19637 net.cpp:410] 3_pool3 <- 3_conv3
I0126 20:28:19.728827 19637 net.cpp:368] 3_pool3 -> 3_pool3
I0126 20:28:19.728832 19637 net.cpp:120] Setting up 3_pool3
I0126 20:28:19.728838 19637 net.cpp:127] Top shape: 100 64 4 4 (102400)
I0126 20:28:19.728842 19637 layer_factory.hpp:74] Creating layer 3_ip1
I0126 20:28:19.728847 19637 net.cpp:90] Creating Layer 3_ip1
I0126 20:28:19.728850 19637 net.cpp:410] 3_ip1 <- 3_pool3
I0126 20:28:19.728857 19637 net.cpp:368] 3_ip1 -> 3_ip1
I0126 20:28:19.728863 19637 net.cpp:120] Setting up 3_ip1
I0126 20:28:19.730382 19637 net.cpp:127] Top shape: 100 64 (6400)
I0126 20:28:19.730389 19637 layer_factory.hpp:74] Creating layer 3_ip2
I0126 20:28:19.730396 19637 net.cpp:90] Creating Layer 3_ip2
I0126 20:28:19.730399 19637 net.cpp:410] 3_ip2 <- 3_ip1
I0126 20:28:19.730406 19637 net.cpp:368] 3_ip2 -> 3_ip2
I0126 20:28:19.730412 19637 net.cpp:120] Setting up 3_ip2
I0126 20:28:19.730439 19637 net.cpp:127] Top shape: 100 10 (1000)
I0126 20:28:19.730445 19637 layer_factory.hpp:74] Creating layer 3_prob
I0126 20:28:19.730453 19637 net.cpp:90] Creating Layer 3_prob
I0126 20:28:19.730456 19637 net.cpp:410] 3_prob <- 3_ip2
I0126 20:28:19.730461 19637 net.cpp:368] 3_prob -> 3_prob
I0126 20:28:19.730466 19637 net.cpp:120] Setting up 3_prob
I0126 20:28:19.730474 19637 net.cpp:127] Top shape: 100 10 (1000)
I0126 20:28:19.730479 19637 layer_factory.hpp:74] Creating layer 3_prob_3_prob_0_split
I0126 20:28:19.730482 19637 net.cpp:90] Creating Layer 3_prob_3_prob_0_split
I0126 20:28:19.730486 19637 net.cpp:410] 3_prob_3_prob_0_split <- 3_prob
I0126 20:28:19.730491 19637 net.cpp:368] 3_prob_3_prob_0_split -> 3_prob_3_prob_0_split_0
I0126 20:28:19.730496 19637 net.cpp:368] 3_prob_3_prob_0_split -> 3_prob_3_prob_0_split_1
I0126 20:28:19.730502 19637 net.cpp:120] Setting up 3_prob_3_prob_0_split
I0126 20:28:19.730507 19637 net.cpp:127] Top shape: 100 10 (1000)
I0126 20:28:19.730511 19637 net.cpp:127] Top shape: 100 10 (1000)
I0126 20:28:19.730515 19637 layer_factory.hpp:74] Creating layer 1_accuracy
I0126 20:28:19.730521 19637 net.cpp:90] Creating Layer 1_accuracy
I0126 20:28:19.730525 19637 net.cpp:410] 1_accuracy <- 1_prob_1_prob_0_split_0
I0126 20:28:19.730530 19637 net.cpp:410] 1_accuracy <- label_cifar_1_split_0
I0126 20:28:19.730535 19637 net.cpp:368] 1_accuracy -> 1_accuracy
I0126 20:28:19.730540 19637 net.cpp:120] Setting up 1_accuracy
I0126 20:28:19.730548 19637 net.cpp:127] Top shape: (1)
I0126 20:28:19.730552 19637 layer_factory.hpp:74] Creating layer 2_accuracy
I0126 20:28:19.730556 19637 net.cpp:90] Creating Layer 2_accuracy
I0126 20:28:19.730561 19637 net.cpp:410] 2_accuracy <- 2_prob_2_prob_0_split_0
I0126 20:28:19.730566 19637 net.cpp:410] 2_accuracy <- label_cifar_1_split_1
I0126 20:28:19.730571 19637 net.cpp:368] 2_accuracy -> 2_accuracy
I0126 20:28:19.730576 19637 net.cpp:120] Setting up 2_accuracy
I0126 20:28:19.730590 19637 net.cpp:127] Top shape: (1)
I0126 20:28:19.730594 19637 layer_factory.hpp:74] Creating layer 3_accuracy
I0126 20:28:19.730599 19637 net.cpp:90] Creating Layer 3_accuracy
I0126 20:28:19.730603 19637 net.cpp:410] 3_accuracy <- 3_prob_3_prob_0_split_0
I0126 20:28:19.730607 19637 net.cpp:410] 3_accuracy <- label_cifar_1_split_2
I0126 20:28:19.730613 19637 net.cpp:368] 3_accuracy -> 3_accuracy
I0126 20:28:19.730619 19637 net.cpp:120] Setting up 3_accuracy
I0126 20:28:19.730624 19637 net.cpp:127] Top shape: (1)
I0126 20:28:19.730628 19637 layer_factory.hpp:74] Creating layer accuracy
I0126 20:28:19.730634 19637 net.cpp:90] Creating Layer accuracy
I0126 20:28:19.730638 19637 net.cpp:410] accuracy <- 1_prob_1_prob_0_split_1
I0126 20:28:19.730650 19637 net.cpp:410] accuracy <- 2_prob_2_prob_0_split_1
I0126 20:28:19.730654 19637 net.cpp:410] accuracy <- 3_prob_3_prob_0_split_1
I0126 20:28:19.730659 19637 net.cpp:410] accuracy <- label_cifar_1_split_3
I0126 20:28:19.730664 19637 net.cpp:368] accuracy -> oracle accuracy
I0126 20:28:19.730669 19637 net.cpp:120] Setting up accuracy
I0126 20:28:19.730677 19637 net.cpp:127] Top shape: (1)
I0126 20:28:19.730681 19637 net.cpp:194] accuracy does not need backward computation.
I0126 20:28:19.730685 19637 net.cpp:194] 3_accuracy does not need backward computation.
I0126 20:28:19.730690 19637 net.cpp:194] 2_accuracy does not need backward computation.
I0126 20:28:19.730693 19637 net.cpp:194] 1_accuracy does not need backward computation.
I0126 20:28:19.730697 19637 net.cpp:194] 3_prob_3_prob_0_split does not need backward computation.
I0126 20:28:19.730701 19637 net.cpp:194] 3_prob does not need backward computation.
I0126 20:28:19.730705 19637 net.cpp:194] 3_ip2 does not need backward computation.
I0126 20:28:19.730708 19637 net.cpp:194] 3_ip1 does not need backward computation.
I0126 20:28:19.730712 19637 net.cpp:194] 3_pool3 does not need backward computation.
I0126 20:28:19.730715 19637 net.cpp:194] 3_relu3 does not need backward computation.
I0126 20:28:19.730720 19637 net.cpp:194] 3_conv3 does not need backward computation.
I0126 20:28:19.730722 19637 net.cpp:194] 3_pool2 does not need backward computation.
I0126 20:28:19.730726 19637 net.cpp:194] 3_relu2 does not need backward computation.
I0126 20:28:19.730729 19637 net.cpp:194] 3_conv2 does not need backward computation.
I0126 20:28:19.730733 19637 net.cpp:194] 3_relu1 does not need backward computation.
I0126 20:28:19.730736 19637 net.cpp:194] 3_pool1 does not need backward computation.
I0126 20:28:19.730739 19637 net.cpp:194] 3_conv1 does not need backward computation.
I0126 20:28:19.730743 19637 net.cpp:194] 2_prob_2_prob_0_split does not need backward computation.
I0126 20:28:19.730747 19637 net.cpp:194] 2_prob does not need backward computation.
I0126 20:28:19.730751 19637 net.cpp:194] 2_ip2 does not need backward computation.
I0126 20:28:19.730753 19637 net.cpp:194] 2_ip1 does not need backward computation.
I0126 20:28:19.730757 19637 net.cpp:194] 2_pool3 does not need backward computation.
I0126 20:28:19.730761 19637 net.cpp:194] 2_relu3 does not need backward computation.
I0126 20:28:19.730764 19637 net.cpp:194] 2_conv3 does not need backward computation.
I0126 20:28:19.730767 19637 net.cpp:194] 2_pool2 does not need backward computation.
I0126 20:28:19.730770 19637 net.cpp:194] 2_relu2 does not need backward computation.
I0126 20:28:19.730774 19637 net.cpp:194] 2_conv2 does not need backward computation.
I0126 20:28:19.730777 19637 net.cpp:194] 2_relu1 does not need backward computation.
I0126 20:28:19.730780 19637 net.cpp:194] 2_pool1 does not need backward computation.
I0126 20:28:19.730784 19637 net.cpp:194] 2_conv1 does not need backward computation.
I0126 20:28:19.730787 19637 net.cpp:194] 1_prob_1_prob_0_split does not need backward computation.
I0126 20:28:19.730792 19637 net.cpp:194] 1_prob does not need backward computation.
I0126 20:28:19.730794 19637 net.cpp:194] 1_ip2 does not need backward computation.
I0126 20:28:19.730798 19637 net.cpp:194] 1_ip1 does not need backward computation.
I0126 20:28:19.730808 19637 net.cpp:194] 1_pool3 does not need backward computation.
I0126 20:28:19.730813 19637 net.cpp:194] 1_relu3 does not need backward computation.
I0126 20:28:19.730815 19637 net.cpp:194] 1_conv3 does not need backward computation.
I0126 20:28:19.730819 19637 net.cpp:194] 1_pool2 does not need backward computation.
I0126 20:28:19.730823 19637 net.cpp:194] 1_relu2 does not need backward computation.
I0126 20:28:19.730825 19637 net.cpp:194] 1_conv2 does not need backward computation.
I0126 20:28:19.730829 19637 net.cpp:194] 1_relu1 does not need backward computation.
I0126 20:28:19.730832 19637 net.cpp:194] 1_pool1 does not need backward computation.
I0126 20:28:19.730835 19637 net.cpp:194] 1_conv1 does not need backward computation.
I0126 20:28:19.730839 19637 net.cpp:194] label_cifar_1_split does not need backward computation.
I0126 20:28:19.730844 19637 net.cpp:194] data_cifar_0_split does not need backward computation.
I0126 20:28:19.730847 19637 net.cpp:194] cifar does not need backward computation.
I0126 20:28:19.730850 19637 net.cpp:235] This network produces output 1_accuracy
I0126 20:28:19.730854 19637 net.cpp:235] This network produces output 2_accuracy
I0126 20:28:19.730857 19637 net.cpp:235] This network produces output 3_accuracy
I0126 20:28:19.730861 19637 net.cpp:235] This network produces output oracle accuracy
I0126 20:28:19.730892 19637 net.cpp:482] Collecting Learning Rate and Weight Decay.
I0126 20:28:19.730900 19637 net.cpp:247] Network initialization done.
I0126 20:28:19.730903 19637 net.cpp:248] Memory required for data: 97202016
I0126 20:28:19.730989 19637 solver.cpp:42] Solver scaffolding done.
I0126 20:28:19.731029 19637 caffe.cpp:126] Resuming from /home/mike/ml_lab/mod/MCL_Caffe/examples/cifar10/cifar10_inst_dist_experiments/3_models/run1/mcl_cifar10_quick_iter_4000.solverstate
I0126 20:28:19.731035 19637 solver.cpp:225] Solving CIFAR10_quick
I0126 20:28:19.731040 19637 solver.cpp:226] Learning Rate Policy: fixed
I0126 20:28:19.731042 19637 solver.cpp:229] Restoring previous solver status from /home/mike/ml_lab/mod/MCL_Caffe/examples/cifar10/cifar10_inst_dist_experiments/3_models/run1/mcl_cifar10_quick_iter_4000.solverstate
I0126 20:28:19.735229 19637 solver.cpp:582] SGDSolver: restoring history
I0126 20:28:20.604581 19637 solver.cpp:189] Iteration 4000, loss = 0.32836
I0126 20:28:20.604604 19637 solver.cpp:204]     Train net output #0: batch-instance-counts = 171
I0126 20:28:20.604609 19637 solver.cpp:204]     Train net output #1: batch-instance-counts = 119
I0126 20:28:20.604614 19637 solver.cpp:204]     Train net output #2: batch-instance-counts = 60
I0126 20:28:20.604620 19637 solver.cpp:204]     Train net output #3: multiple-output loss = 0.123449 (* 1 = 0.123449 loss)
I0126 20:28:20.604627 19637 solver.cpp:204]     Train net output #4: multiple-output loss = 0.0880333 (* 1 = 0.0880333 loss)
I0126 20:28:20.604635 19637 solver.cpp:204]     Train net output #5: multiple-output loss = 0.116878 (* 1 = 0.116878 loss)
I0126 20:28:20.604640 19637 solver.cpp:204]     Train net output #6: train-instance-counts = 171
I0126 20:28:20.604642 19637 solver.cpp:204]     Train net output #7: train-instance-counts = 119
I0126 20:28:20.604645 19637 solver.cpp:204]     Train net output #8: train-instance-counts = 60
I0126 20:28:20.604650 19637 solver.cpp:461] Iteration 4000, lr = 0.0001
I0126 20:29:47.411386 19637 solver.cpp:189] Iteration 4100, loss = 0.226633
I0126 20:29:47.411433 19637 solver.cpp:204]     Train net output #0: batch-instance-counts = 171
I0126 20:29:47.411438 19637 solver.cpp:204]     Train net output #1: batch-instance-counts = 110
I0126 20:29:47.411442 19637 solver.cpp:204]     Train net output #2: batch-instance-counts = 69
I0126 20:29:47.411447 19637 solver.cpp:204]     Train net output #3: multiple-output loss = 0.0852463 (* 1 = 0.0852463 loss)
I0126 20:29:47.411450 19637 solver.cpp:204]     Train net output #4: multiple-output loss = 0.0416076 (* 1 = 0.0416076 loss)
I0126 20:29:47.411453 19637 solver.cpp:204]     Train net output #5: multiple-output loss = 0.099779 (* 1 = 0.099779 loss)
I0126 20:29:47.411455 19637 solver.cpp:204]     Train net output #6: train-instance-counts = 17643
I0126 20:29:47.411458 19637 solver.cpp:204]     Train net output #7: train-instance-counts = 10629
I0126 20:29:47.411460 19637 solver.cpp:204]     Train net output #8: train-instance-counts = 7078
I0126 20:29:47.411464 19637 solver.cpp:461] Iteration 4100, lr = 0.0001
I0126 20:31:14.182512 19637 solver.cpp:189] Iteration 4200, loss = 0.356679
I0126 20:31:14.182585 19637 solver.cpp:204]     Train net output #0: batch-instance-counts = 169
I0126 20:31:14.182591 19637 solver.cpp:204]     Train net output #1: batch-instance-counts = 111
I0126 20:31:14.182595 19637 solver.cpp:204]     Train net output #2: batch-instance-counts = 70
I0126 20:31:14.182600 19637 solver.cpp:204]     Train net output #3: multiple-output loss = 0.114018 (* 1 = 0.114018 loss)
I0126 20:31:14.182603 19637 solver.cpp:204]     Train net output #4: multiple-output loss = 0.079688 (* 1 = 0.079688 loss)
I0126 20:31:14.182606 19637 solver.cpp:204]     Train net output #5: multiple-output loss = 0.162973 (* 1 = 0.162973 loss)
I0126 20:31:14.182608 19637 solver.cpp:204]     Train net output #6: train-instance-counts = 35146
I0126 20:31:14.182611 19637 solver.cpp:204]     Train net output #7: train-instance-counts = 21165
I0126 20:31:14.182613 19637 solver.cpp:204]     Train net output #8: train-instance-counts = 14039
I0126 20:31:14.182616 19637 solver.cpp:461] Iteration 4200, lr = 0.0001
I0126 20:36:10.771445 19637 solver.cpp:189] Iteration 4300, loss = 0.204792
I0126 20:36:10.771495 19637 solver.cpp:204]     Train net output #0: batch-instance-counts = 177
I0126 20:36:10.771502 19637 solver.cpp:204]     Train net output #1: batch-instance-counts = 110
I0126 20:36:10.771503 19637 solver.cpp:204]     Train net output #2: batch-instance-counts = 63
I0126 20:36:10.771508 19637 solver.cpp:204]     Train net output #3: multiple-output loss = 0.0834104 (* 1 = 0.0834104 loss)
I0126 20:36:10.771512 19637 solver.cpp:204]     Train net output #4: multiple-output loss = 0.0473898 (* 1 = 0.0473898 loss)
I0126 20:36:10.771517 19637 solver.cpp:204]     Train net output #5: multiple-output loss = 0.0739916 (* 1 = 0.0739916 loss)
I0126 20:36:10.771518 19637 solver.cpp:204]     Train net output #6: train-instance-counts = 52678
I0126 20:36:10.771522 19637 solver.cpp:204]     Train net output #7: train-instance-counts = 31597
I0126 20:36:10.771523 19637 solver.cpp:204]     Train net output #8: train-instance-counts = 21075
I0126 20:36:10.771527 19637 solver.cpp:461] Iteration 4300, lr = 0.0001
I0126 20:42:00.072958 19637 solver.cpp:189] Iteration 4400, loss = 0.202627
I0126 20:42:00.073001 19637 solver.cpp:204]     Train net output #0: batch-instance-counts = 186
I0126 20:42:00.073010 19637 solver.cpp:204]     Train net output #1: batch-instance-counts = 103
I0126 20:42:00.073015 19637 solver.cpp:204]     Train net output #2: batch-instance-counts = 61
I0126 20:42:00.073024 19637 solver.cpp:204]     Train net output #3: multiple-output loss = 0.0931028 (* 1 = 0.0931028 loss)
I0126 20:42:00.073031 19637 solver.cpp:204]     Train net output #4: multiple-output loss = 0.0179035 (* 1 = 0.0179035 loss)
I0126 20:42:00.073038 19637 solver.cpp:204]     Train net output #5: multiple-output loss = 0.0916207 (* 1 = 0.0916207 loss)
I0126 20:42:00.073043 19637 solver.cpp:204]     Train net output #6: train-instance-counts = 70092
I0126 20:42:00.073048 19637 solver.cpp:204]     Train net output #7: train-instance-counts = 42165
I0126 20:42:00.073055 19637 solver.cpp:204]     Train net output #8: train-instance-counts = 28093
I0126 20:42:00.073060 19637 solver.cpp:461] Iteration 4400, lr = 0.0001
I0126 20:47:49.633810 19637 solver.cpp:189] Iteration 4500, loss = 0.17169
I0126 20:47:49.633859 19637 solver.cpp:204]     Train net output #0: batch-instance-counts = 158
I0126 20:47:49.633867 19637 solver.cpp:204]     Train net output #1: batch-instance-counts = 117
I0126 20:47:49.633872 19637 solver.cpp:204]     Train net output #2: batch-instance-counts = 75
I0126 20:47:49.633882 19637 solver.cpp:204]     Train net output #3: multiple-output loss = 0.0734794 (* 1 = 0.0734794 loss)
I0126 20:47:49.633889 19637 solver.cpp:204]     Train net output #4: multiple-output loss = 0.0234009 (* 1 = 0.0234009 loss)
I0126 20:47:49.633895 19637 solver.cpp:204]     Train net output #5: multiple-output loss = 0.0748093 (* 1 = 0.0748093 loss)
I0126 20:47:49.633899 19637 solver.cpp:204]     Train net output #6: train-instance-counts = 87568
I0126 20:47:49.633904 19637 solver.cpp:204]     Train net output #7: train-instance-counts = 52773
I0126 20:47:49.633908 19637 solver.cpp:204]     Train net output #8: train-instance-counts = 35009
I0126 20:47:49.633914 19637 solver.cpp:461] Iteration 4500, lr = 0.0001
I0126 20:53:39.006346 19637 solver.cpp:189] Iteration 4600, loss = 0.135761
I0126 20:53:39.006413 19637 solver.cpp:204]     Train net output #0: batch-instance-counts = 197
I0126 20:53:39.006423 19637 solver.cpp:204]     Train net output #1: batch-instance-counts = 112
I0126 20:53:39.006428 19637 solver.cpp:204]     Train net output #2: batch-instance-counts = 41
I0126 20:53:39.006436 19637 solver.cpp:204]     Train net output #3: multiple-output loss = 0.0951871 (* 1 = 0.0951871 loss)
I0126 20:53:39.006444 19637 solver.cpp:204]     Train net output #4: multiple-output loss = 0.0213632 (* 1 = 0.0213632 loss)
I0126 20:53:39.006451 19637 solver.cpp:204]     Train net output #5: multiple-output loss = 0.0192105 (* 1 = 0.0192105 loss)
I0126 20:53:39.006456 19637 solver.cpp:204]     Train net output #6: train-instance-counts = 105120
I0126 20:53:39.006461 19637 solver.cpp:204]     Train net output #7: train-instance-counts = 63210
I0126 20:53:39.006466 19637 solver.cpp:204]     Train net output #8: train-instance-counts = 42020
I0126 20:53:39.006471 19637 solver.cpp:461] Iteration 4600, lr = 0.0001
I0126 20:59:28.493041 19637 solver.cpp:189] Iteration 4700, loss = 0.0968409
I0126 20:59:28.493085 19637 solver.cpp:204]     Train net output #0: batch-instance-counts = 174
I0126 20:59:28.493093 19637 solver.cpp:204]     Train net output #1: batch-instance-counts = 105
I0126 20:59:28.493098 19637 solver.cpp:204]     Train net output #2: batch-instance-counts = 71
I0126 20:59:28.493106 19637 solver.cpp:204]     Train net output #3: multiple-output loss = 0.0544779 (* 1 = 0.0544779 loss)
I0126 20:59:28.493113 19637 solver.cpp:204]     Train net output #4: multiple-output loss = 0.022508 (* 1 = 0.022508 loss)
I0126 20:59:28.493119 19637 solver.cpp:204]     Train net output #5: multiple-output loss = 0.019855 (* 1 = 0.019855 loss)
I0126 20:59:28.493127 19637 solver.cpp:204]     Train net output #6: train-instance-counts = 122536
I0126 20:59:28.493134 19637 solver.cpp:204]     Train net output #7: train-instance-counts = 73737
I0126 20:59:28.493137 19637 solver.cpp:204]     Train net output #8: train-instance-counts = 49077
I0126 20:59:28.493142 19637 solver.cpp:461] Iteration 4700, lr = 0.0001
I0126 21:05:17.564548 19637 solver.cpp:189] Iteration 4800, loss = 0.185086
I0126 21:05:17.564597 19637 solver.cpp:204]     Train net output #0: batch-instance-counts = 160
I0126 21:05:17.564605 19637 solver.cpp:204]     Train net output #1: batch-instance-counts = 105
I0126 21:05:17.564610 19637 solver.cpp:204]     Train net output #2: batch-instance-counts = 85
I0126 21:05:17.564618 19637 solver.cpp:204]     Train net output #3: multiple-output loss = 0.101475 (* 1 = 0.101475 loss)
I0126 21:05:17.564626 19637 solver.cpp:204]     Train net output #4: multiple-output loss = 0.0217951 (* 1 = 0.0217951 loss)
I0126 21:05:17.564633 19637 solver.cpp:204]     Train net output #5: multiple-output loss = 0.0618153 (* 1 = 0.0618153 loss)
I0126 21:05:17.564638 19637 solver.cpp:204]     Train net output #6: train-instance-counts = 139973
I0126 21:05:17.564645 19637 solver.cpp:204]     Train net output #7: train-instance-counts = 84314
I0126 21:05:17.564648 19637 solver.cpp:204]     Train net output #8: train-instance-counts = 56063
I0126 21:05:17.564654 19637 solver.cpp:461] Iteration 4800, lr = 0.0001
I0126 21:11:06.812034 19637 solver.cpp:189] Iteration 4900, loss = 0.142949
I0126 21:11:06.812104 19637 solver.cpp:204]     Train net output #0: batch-instance-counts = 177
I0126 21:11:06.812113 19637 solver.cpp:204]     Train net output #1: batch-instance-counts = 110
I0126 21:11:06.812117 19637 solver.cpp:204]     Train net output #2: batch-instance-counts = 63
I0126 21:11:06.812124 19637 solver.cpp:204]     Train net output #3: multiple-output loss = 0.0561695 (* 1 = 0.0561695 loss)
I0126 21:11:06.812131 19637 solver.cpp:204]     Train net output #4: multiple-output loss = 0.0225173 (* 1 = 0.0225173 loss)
I0126 21:11:06.812139 19637 solver.cpp:204]     Train net output #5: multiple-output loss = 0.0642622 (* 1 = 0.0642622 loss)
I0126 21:11:06.812142 19637 solver.cpp:204]     Train net output #6: train-instance-counts = 157524
I0126 21:11:06.812147 19637 solver.cpp:204]     Train net output #7: train-instance-counts = 94778
I0126 21:11:06.812152 19637 solver.cpp:204]     Train net output #8: train-instance-counts = 63048
I0126 21:11:06.812157 19637 solver.cpp:461] Iteration 4900, lr = 0.0001
I0126 21:16:52.444679 19637 solver.cpp:336] Snapshotting to /home/mike/ml_lab/mod/MCL_Caffe/examples/cifar10/cifar10_inst_dist_experiments/3_models/run1/mcl_cifar10_quick_iter_5000.caffemodel
I0126 21:16:52.542196 19637 solver.cpp:344] Snapshotting solver state to /home/mike/ml_lab/mod/MCL_Caffe/examples/cifar10/cifar10_inst_dist_experiments/3_models/run1/mcl_cifar10_quick_iter_5000.solverstate
I0126 21:16:53.676916 19637 solver.cpp:251] Iteration 5000, loss = 0.13813
I0126 21:16:53.676936 19637 solver.cpp:256] Optimization Done.
I0126 21:16:53.676940 19637 caffe.cpp:134] Optimization Done.
