I0126 20:31:33.705059 19970 caffe.cpp:113] Use GPU with device ID 0
I0126 20:31:34.421161 19970 caffe.cpp:121] Starting Optimization
I0126 20:31:34.421233 19970 solver.cpp:32] Initializing solver from parameters: 
test_iter: 100
test_interval: 1750
base_lr: 0.0001
display: 100
max_iter: 5000
lr_policy: "fixed"
momentum: 0.9
weight_decay: 0.004
snapshot: 5000
snapshot_prefix: "/home/mike/ml_lab/mod/MCL_Caffe/examples/cifar10/cifar10_inst_dist_experiments/3_models/run3/mcl_cifar10_quick"
solver_mode: GPU
net: "/home/mike/ml_lab/mod/MCL_Caffe/examples/cifar10/cifar10_inst_dist_experiments/3_models/mcl_cifar10_quick_train_test.prototxt"
I0126 20:31:34.421258 19970 solver.cpp:70] Creating training net from net file: /home/mike/ml_lab/mod/MCL_Caffe/examples/cifar10/cifar10_inst_dist_experiments/3_models/mcl_cifar10_quick_train_test.prototxt
I0126 20:31:34.422070 19970 net.cpp:287] The NetState phase (0) differed from the phase (1) specified by a rule in layer cifar
I0126 20:31:34.422094 19970 net.cpp:287] The NetState phase (0) differed from the phase (1) specified by a rule in layer 1_accuracy
I0126 20:31:34.422099 19970 net.cpp:287] The NetState phase (0) differed from the phase (1) specified by a rule in layer 2_accuracy
I0126 20:31:34.422103 19970 net.cpp:287] The NetState phase (0) differed from the phase (1) specified by a rule in layer 3_accuracy
I0126 20:31:34.422106 19970 net.cpp:287] The NetState phase (0) differed from the phase (1) specified by a rule in layer accuracy
I0126 20:31:34.422345 19970 net.cpp:42] Initializing net from parameters: 
name: "CIFAR10_quick"
state {
  phase: TRAIN
}
layer {
  name: "cifar"
  type: "Data"
  top: "data"
  top: "label"
  include {
    phase: TRAIN
  }
  transform_param {
    mean_file: "/home/mike/ml_lab/mod/MCL_Caffe/examples/cifar10/mean.binaryproto"
  }
  data_param {
    source: "/home/mike/ml_lab/mod/MCL_Caffe/examples/cifar10/cifar10_train_lmdb"
    batch_size: 350
    backend: LMDB
  }
}
layer {
  name: "1_conv1"
  type: "Convolution"
  bottom: "data"
  top: "1_conv1"
  param {
    lr_mult: 1
  }
  param {
    lr_mult: 2
  }
  convolution_param {
    num_output: 32
    pad: 2
    kernel_size: 5
    stride: 1
    weight_filler {
      type: "gaussian"
      std: 0.0001
    }
    bias_filler {
      type: "constant"
    }
  }
}
layer {
  name: "1_pool1"
  type: "Pooling"
  bottom: "1_conv1"
  top: "1_pool1"
  pooling_param {
    pool: MAX
    kernel_size: 3
    stride: 2
  }
}
layer {
  name: "1_relu1"
  type: "ReLU"
  bottom: "1_pool1"
  top: "1_pool1"
}
layer {
  name: "1_conv2"
  type: "Convolution"
  bottom: "1_pool1"
  top: "1_conv2"
  param {
    lr_mult: 1
  }
  param {
    lr_mult: 2
  }
  convolution_param {
    num_output: 32
    pad: 2
    kernel_size: 5
    stride: 1
    weight_filler {
      type: "gaussian"
      std: 0.01
    }
    bias_filler {
      type: "constant"
    }
  }
}
layer {
  name: "1_relu2"
  type: "ReLU"
  bottom: "1_conv2"
  top: "1_conv2"
}
layer {
  name: "1_pool2"
  type: "Pooling"
  bottom: "1_conv2"
  top: "1_pool2"
  pooling_param {
    pool: AVE
    kernel_size: 3
    stride: 2
  }
}
layer {
  name: "1_conv3"
  type: "Convolution"
  bottom: "1_pool2"
  top: "1_conv3"
  param {
    lr_mult: 1
  }
  param {
    lr_mult: 2
  }
  convolution_param {
    num_output: 64
    pad: 2
    kernel_size: 5
    stride: 1
    weight_filler {
      type: "gaussian"
      std: 0.01
    }
    bias_filler {
      type: "constant"
    }
  }
}
layer {
  name: "1_relu3"
  type: "ReLU"
  bottom: "1_conv3"
  top: "1_conv3"
}
layer {
  name: "1_pool3"
  type: "Pooling"
  bottom: "1_conv3"
  top: "1_pool3"
  pooling_param {
    pool: AVE
    kernel_size: 3
    stride: 2
  }
}
layer {
  name: "1_ip1"
  type: "InnerProduct"
  bottom: "1_pool3"
  top: "1_ip1"
  param {
    lr_mult: 1
  }
  param {
    lr_mult: 2
  }
  inner_product_param {
    num_output: 64
    weight_filler {
      type: "gaussian"
      std: 0.1
    }
    bias_filler {
      type: "constant"
    }
  }
}
layer {
  name: "1_ip2"
  type: "InnerProduct"
  bottom: "1_ip1"
  top: "1_ip2"
  param {
    lr_mult: 1
  }
  param {
    lr_mult: 2
  }
  inner_product_param {
    num_output: 10
    weight_filler {
      type: "gaussian"
      std: 0.1
    }
    bias_filler {
      type: "constant"
    }
  }
}
layer {
  name: "1_prob"
  type: "Softmax"
  bottom: "1_ip2"
  top: "1_prob"
}
layer {
  name: "2_conv1"
  type: "Convolution"
  bottom: "data"
  top: "2_conv1"
  param {
    lr_mult: 1
  }
  param {
    lr_mult: 2
  }
  convolution_param {
    num_output: 32
    pad: 2
    kernel_size: 5
    stride: 1
    weight_filler {
      type: "gaussian"
      std: 0.0001
    }
    bias_filler {
      type: "constant"
    }
  }
}
layer {
  name: "2_pool1"
  type: "Pooling"
  bottom: "2_conv1"
  top: "2_pool1"
  pooling_param {
    pool: MAX
    kernel_size: 3
    stride: 2
  }
}
layer {
  name: "2_relu1"
  type: "ReLU"
  bottom: "2_pool1"
  top: "2_pool1"
}
layer {
  name: "2_conv2"
  type: "Convolution"
  bottom: "2_pool1"
  top: "2_conv2"
  param {
    lr_mult: 1
  }
  param {
    lr_mult: 2
  }
  convolution_param {
    num_output: 32
    pad: 2
    kernel_size: 5
    stride: 1
    weight_filler {
      type: "gaussian"
      std: 0.01
    }
    bias_filler {
      type: "constant"
    }
  }
}
layer {
  name: "2_relu2"
  type: "ReLU"
  bottom: "2_conv2"
  top: "2_conv2"
}
layer {
  name: "2_pool2"
  type: "Pooling"
  bottom: "2_conv2"
  top: "2_pool2"
  pooling_param {
    pool: AVE
    kernel_size: 3
    stride: 2
  }
}
layer {
  name: "2_conv3"
  type: "Convolution"
  bottom: "2_pool2"
  top: "2_conv3"
  param {
    lr_mult: 1
  }
  param {
    lr_mult: 2
  }
  convolution_param {
    num_output: 64
    pad: 2
    kernel_size: 5
    stride: 1
    weight_filler {
      type: "gaussian"
      std: 0.01
    }
    bias_filler {
      type: "constant"
    }
  }
}
layer {
  name: "2_relu3"
  type: "ReLU"
  bottom: "2_conv3"
  top: "2_conv3"
}
layer {
  name: "2_pool3"
  type: "Pooling"
  bottom: "2_conv3"
  top: "2_pool3"
  pooling_param {
    pool: AVE
    kernel_size: 3
    stride: 2
  }
}
layer {
  name: "2_ip1"
  type: "InnerProduct"
  bottom: "2_pool3"
  top: "2_ip1"
  param {
    lr_mult: 1
  }
  param {
    lr_mult: 2
  }
  inner_product_param {
    num_output: 64
    weight_filler {
      type: "gaussian"
      std: 0.1
    }
    bias_filler {
      type: "constant"
    }
  }
}
layer {
  name: "2_ip2"
  type: "InnerProduct"
  bottom: "2_ip1"
  top: "2_ip2"
  param {
    lr_mult: 1
  }
  param {
    lr_mult: 2
  }
  inner_product_param {
    num_output: 10
    weight_filler {
      type: "gaussian"
      std: 0.1
    }
    bias_filler {
      type: "constant"
    }
  }
}
layer {
  name: "2_prob"
  type: "Softmax"
  bottom: "2_ip2"
  top: "2_prob"
}
layer {
  name: "3_conv1"
  type: "Convolution"
  bottom: "data"
  top: "3_conv1"
  param {
    lr_mult: 1
  }
  param {
    lr_mult: 2
  }
  convolution_param {
    num_output: 32
    pad: 2
    kernel_size: 5
    stride: 1
    weight_filler {
      type: "gaussian"
      std: 0.0001
    }
    bias_filler {
      type: "constant"
    }
  }
}
layer {
  name: "3_pool1"
  type: "Pooling"
  bottom: "3_conv1"
  top: "3_pool1"
  pooling_param {
    pool: MAX
    kernel_size: 3
    stride: 2
  }
}
layer {
  name: "3_relu1"
  type: "ReLU"
  bottom: "3_pool1"
  top: "3_pool1"
}
layer {
  name: "3_conv2"
  type: "Convolution"
  bottom: "3_pool1"
  top: "3_conv2"
  param {
    lr_mult: 1
  }
  param {
    lr_mult: 2
  }
  convolution_param {
    num_output: 32
    pad: 2
    kernel_size: 5
    stride: 1
    weight_filler {
      type: "gaussian"
      std: 0.01
    }
    bias_filler {
      type: "constant"
    }
  }
}
layer {
  name: "3_relu2"
  type: "ReLU"
  bottom: "3_conv2"
  top: "3_conv2"
}
layer {
  name: "3_pool2"
  type: "Pooling"
  bottom: "3_conv2"
  top: "3_pool2"
  pooling_param {
    pool: AVE
    kernel_size: 3
    stride: 2
  }
}
layer {
  name: "3_conv3"
  type: "Convolution"
  bottom: "3_pool2"
  top: "3_conv3"
  param {
    lr_mult: 1
  }
  param {
    lr_mult: 2
  }
  convolution_param {
    num_output: 64
    pad: 2
    kernel_size: 5
    stride: 1
    weight_filler {
      type: "gaussian"
      std: 0.01
    }
    bias_filler {
      type: "constant"
    }
  }
}
layer {
  name: "3_relu3"
  type: "ReLU"
  bottom: "3_conv3"
  top: "3_conv3"
}
layer {
  name: "3_pool3"
  type: "Pooling"
  bottom: "3_conv3"
  top: "3_pool3"
  pooling_param {
    pool: AVE
    kernel_size: 3
    stride: 2
  }
}
layer {
  name: "3_ip1"
  type: "InnerProduct"
  bottom: "3_pool3"
  top: "3_ip1"
  param {
    lr_mult: 1
  }
  param {
    lr_mult: 2
  }
  inner_product_param {
    num_output: 64
    weight_filler {
      type: "gaussian"
      std: 0.1
    }
    bias_filler {
      type: "constant"
    }
  }
}
layer {
  name: "3_ip2"
  type: "InnerProduct"
  bottom: "3_ip1"
  top: "3_ip2"
  param {
    lr_mult: 1
  }
  param {
    lr_mult: 2
  }
  inner_product_param {
    num_output: 10
    weight_filler {
      type: "gaussian"
      std: 0.1
    }
    bias_filler {
      type: "constant"
    }
  }
}
layer {
  name: "3_prob"
  type: "Softmax"
  bottom: "3_ip2"
  top: "3_prob"
}
layer {
  name: "loss"
  type: "ODMultinomialLogisticLoss"
  bottom: "1_prob"
  bottom: "2_prob"
  bottom: "3_prob"
  bottom: "label"
  top: "multiple-output loss"
  top: "batch-instance-counts"
  top: "train-instance-counts"
  loss_weight: 1
  loss_weight: 0
  loss_weight: 0
  include {
    phase: TRAIN
  }
}
I0126 20:31:34.422549 19970 layer_factory.hpp:74] Creating layer cifar
I0126 20:31:34.422570 19970 net.cpp:90] Creating Layer cifar
I0126 20:31:34.422580 19970 net.cpp:368] cifar -> data
I0126 20:31:34.422603 19970 net.cpp:368] cifar -> label
I0126 20:31:34.422616 19970 net.cpp:120] Setting up cifar
I0126 20:31:34.422669 19970 db.cpp:34] Opened lmdb /home/mike/ml_lab/mod/MCL_Caffe/examples/cifar10/cifar10_train_lmdb
I0126 20:31:34.422714 19970 data_layer.cpp:67] output data size: 350,3,32,32
I0126 20:31:34.422724 19970 data_transformer.cpp:22] Loading mean file from: /home/mike/ml_lab/mod/MCL_Caffe/examples/cifar10/mean.binaryproto
I0126 20:31:34.423554 19970 net.cpp:127] Top shape: 350 3 32 32 (1075200)
I0126 20:31:34.423564 19970 net.cpp:127] Top shape: 350 (350)
I0126 20:31:34.423588 19970 layer_factory.hpp:74] Creating layer data_cifar_0_split
I0126 20:31:34.423609 19970 net.cpp:90] Creating Layer data_cifar_0_split
I0126 20:31:34.423622 19970 net.cpp:410] data_cifar_0_split <- data
I0126 20:31:34.423641 19970 net.cpp:368] data_cifar_0_split -> data_cifar_0_split_0
I0126 20:31:34.423658 19970 net.cpp:368] data_cifar_0_split -> data_cifar_0_split_1
I0126 20:31:34.423673 19970 net.cpp:368] data_cifar_0_split -> data_cifar_0_split_2
I0126 20:31:34.423688 19970 net.cpp:120] Setting up data_cifar_0_split
I0126 20:31:34.423704 19970 net.cpp:127] Top shape: 350 3 32 32 (1075200)
I0126 20:31:34.423717 19970 net.cpp:127] Top shape: 350 3 32 32 (1075200)
I0126 20:31:34.423728 19970 net.cpp:127] Top shape: 350 3 32 32 (1075200)
I0126 20:31:34.423740 19970 layer_factory.hpp:74] Creating layer 1_conv1
I0126 20:31:34.423758 19970 net.cpp:90] Creating Layer 1_conv1
I0126 20:31:34.423770 19970 net.cpp:410] 1_conv1 <- data_cifar_0_split_0
I0126 20:31:34.423785 19970 net.cpp:368] 1_conv1 -> 1_conv1
I0126 20:31:34.423802 19970 net.cpp:120] Setting up 1_conv1
I0126 20:31:34.424398 19970 net.cpp:127] Top shape: 350 32 32 32 (11468800)
I0126 20:31:34.424412 19970 layer_factory.hpp:74] Creating layer 1_pool1
I0126 20:31:34.424422 19970 net.cpp:90] Creating Layer 1_pool1
I0126 20:31:34.424427 19970 net.cpp:410] 1_pool1 <- 1_conv1
I0126 20:31:34.424432 19970 net.cpp:368] 1_pool1 -> 1_pool1
I0126 20:31:34.424439 19970 net.cpp:120] Setting up 1_pool1
I0126 20:31:34.424455 19970 net.cpp:127] Top shape: 350 32 16 16 (2867200)
I0126 20:31:34.424461 19970 layer_factory.hpp:74] Creating layer 1_relu1
I0126 20:31:34.424468 19970 net.cpp:90] Creating Layer 1_relu1
I0126 20:31:34.424470 19970 net.cpp:410] 1_relu1 <- 1_pool1
I0126 20:31:34.424475 19970 net.cpp:357] 1_relu1 -> 1_pool1 (in-place)
I0126 20:31:34.424480 19970 net.cpp:120] Setting up 1_relu1
I0126 20:31:34.424487 19970 net.cpp:127] Top shape: 350 32 16 16 (2867200)
I0126 20:31:34.424490 19970 layer_factory.hpp:74] Creating layer 1_conv2
I0126 20:31:34.424496 19970 net.cpp:90] Creating Layer 1_conv2
I0126 20:31:34.424509 19970 net.cpp:410] 1_conv2 <- 1_pool1
I0126 20:31:34.424515 19970 net.cpp:368] 1_conv2 -> 1_conv2
I0126 20:31:34.424521 19970 net.cpp:120] Setting up 1_conv2
I0126 20:31:34.425155 19970 net.cpp:127] Top shape: 350 32 16 16 (2867200)
I0126 20:31:34.425165 19970 layer_factory.hpp:74] Creating layer 1_relu2
I0126 20:31:34.425170 19970 net.cpp:90] Creating Layer 1_relu2
I0126 20:31:34.425187 19970 net.cpp:410] 1_relu2 <- 1_conv2
I0126 20:31:34.425204 19970 net.cpp:357] 1_relu2 -> 1_conv2 (in-place)
I0126 20:31:34.425220 19970 net.cpp:120] Setting up 1_relu2
I0126 20:31:34.425235 19970 net.cpp:127] Top shape: 350 32 16 16 (2867200)
I0126 20:31:34.425246 19970 layer_factory.hpp:74] Creating layer 1_pool2
I0126 20:31:34.425261 19970 net.cpp:90] Creating Layer 1_pool2
I0126 20:31:34.425271 19970 net.cpp:410] 1_pool2 <- 1_conv2
I0126 20:31:34.425285 19970 net.cpp:368] 1_pool2 -> 1_pool2
I0126 20:31:34.425302 19970 net.cpp:120] Setting up 1_pool2
I0126 20:31:34.425318 19970 net.cpp:127] Top shape: 350 32 8 8 (716800)
I0126 20:31:34.425330 19970 layer_factory.hpp:74] Creating layer 1_conv3
I0126 20:31:34.425345 19970 net.cpp:90] Creating Layer 1_conv3
I0126 20:31:34.425357 19970 net.cpp:410] 1_conv3 <- 1_pool2
I0126 20:31:34.425374 19970 net.cpp:368] 1_conv3 -> 1_conv3
I0126 20:31:34.425389 19970 net.cpp:120] Setting up 1_conv3
I0126 20:31:34.426645 19970 net.cpp:127] Top shape: 350 64 8 8 (1433600)
I0126 20:31:34.426656 19970 layer_factory.hpp:74] Creating layer 1_relu3
I0126 20:31:34.426661 19970 net.cpp:90] Creating Layer 1_relu3
I0126 20:31:34.426666 19970 net.cpp:410] 1_relu3 <- 1_conv3
I0126 20:31:34.426671 19970 net.cpp:357] 1_relu3 -> 1_conv3 (in-place)
I0126 20:31:34.426688 19970 net.cpp:120] Setting up 1_relu3
I0126 20:31:34.426704 19970 net.cpp:127] Top shape: 350 64 8 8 (1433600)
I0126 20:31:34.426717 19970 layer_factory.hpp:74] Creating layer 1_pool3
I0126 20:31:34.426730 19970 net.cpp:90] Creating Layer 1_pool3
I0126 20:31:34.426743 19970 net.cpp:410] 1_pool3 <- 1_conv3
I0126 20:31:34.426759 19970 net.cpp:368] 1_pool3 -> 1_pool3
I0126 20:31:34.426774 19970 net.cpp:120] Setting up 1_pool3
I0126 20:31:34.426789 19970 net.cpp:127] Top shape: 350 64 4 4 (358400)
I0126 20:31:34.426801 19970 layer_factory.hpp:74] Creating layer 1_ip1
I0126 20:31:34.426815 19970 net.cpp:90] Creating Layer 1_ip1
I0126 20:31:34.426827 19970 net.cpp:410] 1_ip1 <- 1_pool3
I0126 20:31:34.426842 19970 net.cpp:368] 1_ip1 -> 1_ip1
I0126 20:31:34.426858 19970 net.cpp:120] Setting up 1_ip1
I0126 20:31:34.428454 19970 net.cpp:127] Top shape: 350 64 (22400)
I0126 20:31:34.428463 19970 layer_factory.hpp:74] Creating layer 1_ip2
I0126 20:31:34.428470 19970 net.cpp:90] Creating Layer 1_ip2
I0126 20:31:34.428475 19970 net.cpp:410] 1_ip2 <- 1_ip1
I0126 20:31:34.428481 19970 net.cpp:368] 1_ip2 -> 1_ip2
I0126 20:31:34.428488 19970 net.cpp:120] Setting up 1_ip2
I0126 20:31:34.428520 19970 net.cpp:127] Top shape: 350 10 (3500)
I0126 20:31:34.428527 19970 layer_factory.hpp:74] Creating layer 1_prob
I0126 20:31:34.428534 19970 net.cpp:90] Creating Layer 1_prob
I0126 20:31:34.428537 19970 net.cpp:410] 1_prob <- 1_ip2
I0126 20:31:34.428542 19970 net.cpp:368] 1_prob -> 1_prob
I0126 20:31:34.428547 19970 net.cpp:120] Setting up 1_prob
I0126 20:31:34.428557 19970 net.cpp:127] Top shape: 350 10 (3500)
I0126 20:31:34.428560 19970 layer_factory.hpp:74] Creating layer 2_conv1
I0126 20:31:34.428565 19970 net.cpp:90] Creating Layer 2_conv1
I0126 20:31:34.428570 19970 net.cpp:410] 2_conv1 <- data_cifar_0_split_1
I0126 20:31:34.428575 19970 net.cpp:368] 2_conv1 -> 2_conv1
I0126 20:31:34.428580 19970 net.cpp:120] Setting up 2_conv1
I0126 20:31:34.428669 19970 net.cpp:127] Top shape: 350 32 32 32 (11468800)
I0126 20:31:34.428675 19970 layer_factory.hpp:74] Creating layer 2_pool1
I0126 20:31:34.428680 19970 net.cpp:90] Creating Layer 2_pool1
I0126 20:31:34.428683 19970 net.cpp:410] 2_pool1 <- 2_conv1
I0126 20:31:34.428690 19970 net.cpp:368] 2_pool1 -> 2_pool1
I0126 20:31:34.428695 19970 net.cpp:120] Setting up 2_pool1
I0126 20:31:34.428701 19970 net.cpp:127] Top shape: 350 32 16 16 (2867200)
I0126 20:31:34.428714 19970 layer_factory.hpp:74] Creating layer 2_relu1
I0126 20:31:34.428719 19970 net.cpp:90] Creating Layer 2_relu1
I0126 20:31:34.428722 19970 net.cpp:410] 2_relu1 <- 2_pool1
I0126 20:31:34.428730 19970 net.cpp:357] 2_relu1 -> 2_pool1 (in-place)
I0126 20:31:34.428736 19970 net.cpp:120] Setting up 2_relu1
I0126 20:31:34.428741 19970 net.cpp:127] Top shape: 350 32 16 16 (2867200)
I0126 20:31:34.428746 19970 layer_factory.hpp:74] Creating layer 2_conv2
I0126 20:31:34.428751 19970 net.cpp:90] Creating Layer 2_conv2
I0126 20:31:34.428755 19970 net.cpp:410] 2_conv2 <- 2_pool1
I0126 20:31:34.428762 19970 net.cpp:368] 2_conv2 -> 2_conv2
I0126 20:31:34.428769 19970 net.cpp:120] Setting up 2_conv2
I0126 20:31:34.429564 19970 net.cpp:127] Top shape: 350 32 16 16 (2867200)
I0126 20:31:34.429574 19970 layer_factory.hpp:74] Creating layer 2_relu2
I0126 20:31:34.429579 19970 net.cpp:90] Creating Layer 2_relu2
I0126 20:31:34.429595 19970 net.cpp:410] 2_relu2 <- 2_conv2
I0126 20:31:34.429612 19970 net.cpp:357] 2_relu2 -> 2_conv2 (in-place)
I0126 20:31:34.429627 19970 net.cpp:120] Setting up 2_relu2
I0126 20:31:34.429642 19970 net.cpp:127] Top shape: 350 32 16 16 (2867200)
I0126 20:31:34.429654 19970 layer_factory.hpp:74] Creating layer 2_pool2
I0126 20:31:34.429668 19970 net.cpp:90] Creating Layer 2_pool2
I0126 20:31:34.429680 19970 net.cpp:410] 2_pool2 <- 2_conv2
I0126 20:31:34.429693 19970 net.cpp:368] 2_pool2 -> 2_pool2
I0126 20:31:34.429708 19970 net.cpp:120] Setting up 2_pool2
I0126 20:31:34.429724 19970 net.cpp:127] Top shape: 350 32 8 8 (716800)
I0126 20:31:34.429738 19970 layer_factory.hpp:74] Creating layer 2_conv3
I0126 20:31:34.429751 19970 net.cpp:90] Creating Layer 2_conv3
I0126 20:31:34.429764 19970 net.cpp:410] 2_conv3 <- 2_pool2
I0126 20:31:34.429777 19970 net.cpp:368] 2_conv3 -> 2_conv3
I0126 20:31:34.429791 19970 net.cpp:120] Setting up 2_conv3
I0126 20:31:34.431053 19970 net.cpp:127] Top shape: 350 64 8 8 (1433600)
I0126 20:31:34.431062 19970 layer_factory.hpp:74] Creating layer 2_relu3
I0126 20:31:34.431068 19970 net.cpp:90] Creating Layer 2_relu3
I0126 20:31:34.431085 19970 net.cpp:410] 2_relu3 <- 2_conv3
I0126 20:31:34.431102 19970 net.cpp:357] 2_relu3 -> 2_conv3 (in-place)
I0126 20:31:34.431115 19970 net.cpp:120] Setting up 2_relu3
I0126 20:31:34.431129 19970 net.cpp:127] Top shape: 350 64 8 8 (1433600)
I0126 20:31:34.431143 19970 layer_factory.hpp:74] Creating layer 2_pool3
I0126 20:31:34.431156 19970 net.cpp:90] Creating Layer 2_pool3
I0126 20:31:34.431167 19970 net.cpp:410] 2_pool3 <- 2_conv3
I0126 20:31:34.431181 19970 net.cpp:368] 2_pool3 -> 2_pool3
I0126 20:31:34.431195 19970 net.cpp:120] Setting up 2_pool3
I0126 20:31:34.431210 19970 net.cpp:127] Top shape: 350 64 4 4 (358400)
I0126 20:31:34.431222 19970 layer_factory.hpp:74] Creating layer 2_ip1
I0126 20:31:34.431241 19970 net.cpp:90] Creating Layer 2_ip1
I0126 20:31:34.431252 19970 net.cpp:410] 2_ip1 <- 2_pool3
I0126 20:31:34.431267 19970 net.cpp:368] 2_ip1 -> 2_ip1
I0126 20:31:34.431282 19970 net.cpp:120] Setting up 2_ip1
I0126 20:31:34.432862 19970 net.cpp:127] Top shape: 350 64 (22400)
I0126 20:31:34.432873 19970 layer_factory.hpp:74] Creating layer 2_ip2
I0126 20:31:34.432883 19970 net.cpp:90] Creating Layer 2_ip2
I0126 20:31:34.432898 19970 net.cpp:410] 2_ip2 <- 2_ip1
I0126 20:31:34.432915 19970 net.cpp:368] 2_ip2 -> 2_ip2
I0126 20:31:34.432931 19970 net.cpp:120] Setting up 2_ip2
I0126 20:31:34.432973 19970 net.cpp:127] Top shape: 350 10 (3500)
I0126 20:31:34.432991 19970 layer_factory.hpp:74] Creating layer 2_prob
I0126 20:31:34.433004 19970 net.cpp:90] Creating Layer 2_prob
I0126 20:31:34.433017 19970 net.cpp:410] 2_prob <- 2_ip2
I0126 20:31:34.433030 19970 net.cpp:368] 2_prob -> 2_prob
I0126 20:31:34.433043 19970 net.cpp:120] Setting up 2_prob
I0126 20:31:34.433060 19970 net.cpp:127] Top shape: 350 10 (3500)
I0126 20:31:34.433073 19970 layer_factory.hpp:74] Creating layer 3_conv1
I0126 20:31:34.433086 19970 net.cpp:90] Creating Layer 3_conv1
I0126 20:31:34.433102 19970 net.cpp:410] 3_conv1 <- data_cifar_0_split_2
I0126 20:31:34.433130 19970 net.cpp:368] 3_conv1 -> 3_conv1
I0126 20:31:34.433148 19970 net.cpp:120] Setting up 3_conv1
I0126 20:31:34.433248 19970 net.cpp:127] Top shape: 350 32 32 32 (11468800)
I0126 20:31:34.433265 19970 layer_factory.hpp:74] Creating layer 3_pool1
I0126 20:31:34.433281 19970 net.cpp:90] Creating Layer 3_pool1
I0126 20:31:34.433293 19970 net.cpp:410] 3_pool1 <- 3_conv1
I0126 20:31:34.433310 19970 net.cpp:368] 3_pool1 -> 3_pool1
I0126 20:31:34.433324 19970 net.cpp:120] Setting up 3_pool1
I0126 20:31:34.433341 19970 net.cpp:127] Top shape: 350 32 16 16 (2867200)
I0126 20:31:34.433352 19970 layer_factory.hpp:74] Creating layer 3_relu1
I0126 20:31:34.433365 19970 net.cpp:90] Creating Layer 3_relu1
I0126 20:31:34.433377 19970 net.cpp:410] 3_relu1 <- 3_pool1
I0126 20:31:34.433389 19970 net.cpp:357] 3_relu1 -> 3_pool1 (in-place)
I0126 20:31:34.433403 19970 net.cpp:120] Setting up 3_relu1
I0126 20:31:34.433416 19970 net.cpp:127] Top shape: 350 32 16 16 (2867200)
I0126 20:31:34.433429 19970 layer_factory.hpp:74] Creating layer 3_conv2
I0126 20:31:34.433444 19970 net.cpp:90] Creating Layer 3_conv2
I0126 20:31:34.433456 19970 net.cpp:410] 3_conv2 <- 3_pool1
I0126 20:31:34.433470 19970 net.cpp:368] 3_conv2 -> 3_conv2
I0126 20:31:34.433485 19970 net.cpp:120] Setting up 3_conv2
I0126 20:31:34.434188 19970 net.cpp:127] Top shape: 350 32 16 16 (2867200)
I0126 20:31:34.434196 19970 layer_factory.hpp:74] Creating layer 3_relu2
I0126 20:31:34.434201 19970 net.cpp:90] Creating Layer 3_relu2
I0126 20:31:34.434207 19970 net.cpp:410] 3_relu2 <- 3_conv2
I0126 20:31:34.434212 19970 net.cpp:357] 3_relu2 -> 3_conv2 (in-place)
I0126 20:31:34.434231 19970 net.cpp:120] Setting up 3_relu2
I0126 20:31:34.434247 19970 net.cpp:127] Top shape: 350 32 16 16 (2867200)
I0126 20:31:34.434258 19970 layer_factory.hpp:74] Creating layer 3_pool2
I0126 20:31:34.434273 19970 net.cpp:90] Creating Layer 3_pool2
I0126 20:31:34.434285 19970 net.cpp:410] 3_pool2 <- 3_conv2
I0126 20:31:34.434301 19970 net.cpp:368] 3_pool2 -> 3_pool2
I0126 20:31:34.434317 19970 net.cpp:120] Setting up 3_pool2
I0126 20:31:34.434332 19970 net.cpp:127] Top shape: 350 32 8 8 (716800)
I0126 20:31:34.434346 19970 layer_factory.hpp:74] Creating layer 3_conv3
I0126 20:31:34.434365 19970 net.cpp:90] Creating Layer 3_conv3
I0126 20:31:34.434377 19970 net.cpp:410] 3_conv3 <- 3_pool2
I0126 20:31:34.434393 19970 net.cpp:368] 3_conv3 -> 3_conv3
I0126 20:31:34.434409 19970 net.cpp:120] Setting up 3_conv3
I0126 20:31:34.435606 19970 net.cpp:127] Top shape: 350 64 8 8 (1433600)
I0126 20:31:34.435626 19970 layer_factory.hpp:74] Creating layer 3_relu3
I0126 20:31:34.435641 19970 net.cpp:90] Creating Layer 3_relu3
I0126 20:31:34.435652 19970 net.cpp:410] 3_relu3 <- 3_conv3
I0126 20:31:34.435667 19970 net.cpp:357] 3_relu3 -> 3_conv3 (in-place)
I0126 20:31:34.435681 19970 net.cpp:120] Setting up 3_relu3
I0126 20:31:34.435696 19970 net.cpp:127] Top shape: 350 64 8 8 (1433600)
I0126 20:31:34.435709 19970 layer_factory.hpp:74] Creating layer 3_pool3
I0126 20:31:34.435724 19970 net.cpp:90] Creating Layer 3_pool3
I0126 20:31:34.435735 19970 net.cpp:410] 3_pool3 <- 3_conv3
I0126 20:31:34.435750 19970 net.cpp:368] 3_pool3 -> 3_pool3
I0126 20:31:34.435765 19970 net.cpp:120] Setting up 3_pool3
I0126 20:31:34.435780 19970 net.cpp:127] Top shape: 350 64 4 4 (358400)
I0126 20:31:34.435792 19970 layer_factory.hpp:74] Creating layer 3_ip1
I0126 20:31:34.435809 19970 net.cpp:90] Creating Layer 3_ip1
I0126 20:31:34.435822 19970 net.cpp:410] 3_ip1 <- 3_pool3
I0126 20:31:34.435837 19970 net.cpp:368] 3_ip1 -> 3_ip1
I0126 20:31:34.435853 19970 net.cpp:120] Setting up 3_ip1
I0126 20:31:34.437455 19970 net.cpp:127] Top shape: 350 64 (22400)
I0126 20:31:34.437464 19970 layer_factory.hpp:74] Creating layer 3_ip2
I0126 20:31:34.437472 19970 net.cpp:90] Creating Layer 3_ip2
I0126 20:31:34.437489 19970 net.cpp:410] 3_ip2 <- 3_ip1
I0126 20:31:34.437506 19970 net.cpp:368] 3_ip2 -> 3_ip2
I0126 20:31:34.437522 19970 net.cpp:120] Setting up 3_ip2
I0126 20:31:34.437569 19970 net.cpp:127] Top shape: 350 10 (3500)
I0126 20:31:34.437592 19970 layer_factory.hpp:74] Creating layer 3_prob
I0126 20:31:34.437605 19970 net.cpp:90] Creating Layer 3_prob
I0126 20:31:34.437618 19970 net.cpp:410] 3_prob <- 3_ip2
I0126 20:31:34.437633 19970 net.cpp:368] 3_prob -> 3_prob
I0126 20:31:34.437646 19970 net.cpp:120] Setting up 3_prob
I0126 20:31:34.437661 19970 net.cpp:127] Top shape: 350 10 (3500)
I0126 20:31:34.437674 19970 layer_factory.hpp:74] Creating layer loss
I0126 20:31:34.437691 19970 net.cpp:90] Creating Layer loss
I0126 20:31:34.437705 19970 net.cpp:410] loss <- 1_prob
I0126 20:31:34.437721 19970 net.cpp:410] loss <- 2_prob
I0126 20:31:34.437733 19970 net.cpp:410] loss <- 3_prob
I0126 20:31:34.437747 19970 net.cpp:410] loss <- label
I0126 20:31:34.437762 19970 net.cpp:368] loss -> multiple-output loss
I0126 20:31:34.437780 19970 net.cpp:368] loss -> batch-instance-counts
I0126 20:31:34.437798 19970 net.cpp:368] loss -> train-instance-counts
I0126 20:31:34.437815 19970 net.cpp:120] Setting up loss
I0126 20:31:34.437836 19970 net.cpp:127] Top shape: 3 1 1 1 (3)
I0126 20:31:34.437849 19970 net.cpp:129]     with loss weight 1
I0126 20:31:34.437876 19970 net.cpp:127] Top shape: 3 1 1 1 (3)
I0126 20:31:34.437889 19970 net.cpp:127] Top shape: 3 1 1 1 (3)
I0126 20:31:34.437901 19970 net.cpp:192] loss needs backward computation.
I0126 20:31:34.437913 19970 net.cpp:192] 3_prob needs backward computation.
I0126 20:31:34.437925 19970 net.cpp:192] 3_ip2 needs backward computation.
I0126 20:31:34.437937 19970 net.cpp:192] 3_ip1 needs backward computation.
I0126 20:31:34.437948 19970 net.cpp:192] 3_pool3 needs backward computation.
I0126 20:31:34.437959 19970 net.cpp:192] 3_relu3 needs backward computation.
I0126 20:31:34.437970 19970 net.cpp:192] 3_conv3 needs backward computation.
I0126 20:31:34.437981 19970 net.cpp:192] 3_pool2 needs backward computation.
I0126 20:31:34.437994 19970 net.cpp:192] 3_relu2 needs backward computation.
I0126 20:31:34.438004 19970 net.cpp:192] 3_conv2 needs backward computation.
I0126 20:31:34.438015 19970 net.cpp:192] 3_relu1 needs backward computation.
I0126 20:31:34.438026 19970 net.cpp:192] 3_pool1 needs backward computation.
I0126 20:31:34.438040 19970 net.cpp:192] 3_conv1 needs backward computation.
I0126 20:31:34.438053 19970 net.cpp:192] 2_prob needs backward computation.
I0126 20:31:34.438064 19970 net.cpp:192] 2_ip2 needs backward computation.
I0126 20:31:34.438076 19970 net.cpp:192] 2_ip1 needs backward computation.
I0126 20:31:34.438087 19970 net.cpp:192] 2_pool3 needs backward computation.
I0126 20:31:34.438099 19970 net.cpp:192] 2_relu3 needs backward computation.
I0126 20:31:34.438110 19970 net.cpp:192] 2_conv3 needs backward computation.
I0126 20:31:34.438122 19970 net.cpp:192] 2_pool2 needs backward computation.
I0126 20:31:34.438133 19970 net.cpp:192] 2_relu2 needs backward computation.
I0126 20:31:34.438144 19970 net.cpp:192] 2_conv2 needs backward computation.
I0126 20:31:34.438155 19970 net.cpp:192] 2_relu1 needs backward computation.
I0126 20:31:34.438166 19970 net.cpp:192] 2_pool1 needs backward computation.
I0126 20:31:34.438177 19970 net.cpp:192] 2_conv1 needs backward computation.
I0126 20:31:34.438189 19970 net.cpp:192] 1_prob needs backward computation.
I0126 20:31:34.438204 19970 net.cpp:192] 1_ip2 needs backward computation.
I0126 20:31:34.438215 19970 net.cpp:192] 1_ip1 needs backward computation.
I0126 20:31:34.438226 19970 net.cpp:192] 1_pool3 needs backward computation.
I0126 20:31:34.438237 19970 net.cpp:192] 1_relu3 needs backward computation.
I0126 20:31:34.438248 19970 net.cpp:192] 1_conv3 needs backward computation.
I0126 20:31:34.438259 19970 net.cpp:192] 1_pool2 needs backward computation.
I0126 20:31:34.438271 19970 net.cpp:192] 1_relu2 needs backward computation.
I0126 20:31:34.438282 19970 net.cpp:192] 1_conv2 needs backward computation.
I0126 20:31:34.438293 19970 net.cpp:192] 1_relu1 needs backward computation.
I0126 20:31:34.438304 19970 net.cpp:192] 1_pool1 needs backward computation.
I0126 20:31:34.438319 19970 net.cpp:192] 1_conv1 needs backward computation.
I0126 20:31:34.438338 19970 net.cpp:194] data_cifar_0_split does not need backward computation.
I0126 20:31:34.438350 19970 net.cpp:194] cifar does not need backward computation.
I0126 20:31:34.438361 19970 net.cpp:235] This network produces output batch-instance-counts
I0126 20:31:34.438374 19970 net.cpp:235] This network produces output multiple-output loss
I0126 20:31:34.438385 19970 net.cpp:235] This network produces output train-instance-counts
I0126 20:31:34.438421 19970 net.cpp:482] Collecting Learning Rate and Weight Decay.
I0126 20:31:34.438436 19970 net.cpp:247] Network initialization done.
I0126 20:31:34.438447 19970 net.cpp:248] Memory required for data: 340117436
I0126 20:31:34.439371 19970 solver.cpp:154] Creating test net (#0) specified by net file: /home/mike/ml_lab/mod/MCL_Caffe/examples/cifar10/cifar10_inst_dist_experiments/3_models/mcl_cifar10_quick_train_test.prototxt
I0126 20:31:34.439429 19970 net.cpp:287] The NetState phase (1) differed from the phase (0) specified by a rule in layer cifar
I0126 20:31:34.439473 19970 net.cpp:287] The NetState phase (1) differed from the phase (0) specified by a rule in layer loss
I0126 20:31:34.439725 19970 net.cpp:42] Initializing net from parameters: 
name: "CIFAR10_quick"
state {
  phase: TEST
}
layer {
  name: "cifar"
  type: "Data"
  top: "data"
  top: "label"
  include {
    phase: TEST
  }
  transform_param {
    mean_file: "/home/mike/ml_lab/mod/MCL_Caffe/examples/cifar10/mean.binaryproto"
  }
  data_param {
    source: "/home/mike/ml_lab/mod/MCL_Caffe/examples/cifar10/cifar10_test_lmdb"
    batch_size: 100
    backend: LMDB
  }
}
layer {
  name: "1_conv1"
  type: "Convolution"
  bottom: "data"
  top: "1_conv1"
  param {
    lr_mult: 1
  }
  param {
    lr_mult: 2
  }
  convolution_param {
    num_output: 32
    pad: 2
    kernel_size: 5
    stride: 1
    weight_filler {
      type: "gaussian"
      std: 0.0001
    }
    bias_filler {
      type: "constant"
    }
  }
}
layer {
  name: "1_pool1"
  type: "Pooling"
  bottom: "1_conv1"
  top: "1_pool1"
  pooling_param {
    pool: MAX
    kernel_size: 3
    stride: 2
  }
}
layer {
  name: "1_relu1"
  type: "ReLU"
  bottom: "1_pool1"
  top: "1_pool1"
}
layer {
  name: "1_conv2"
  type: "Convolution"
  bottom: "1_pool1"
  top: "1_conv2"
  param {
    lr_mult: 1
  }
  param {
    lr_mult: 2
  }
  convolution_param {
    num_output: 32
    pad: 2
    kernel_size: 5
    stride: 1
    weight_filler {
      type: "gaussian"
      std: 0.01
    }
    bias_filler {
      type: "constant"
    }
  }
}
layer {
  name: "1_relu2"
  type: "ReLU"
  bottom: "1_conv2"
  top: "1_conv2"
}
layer {
  name: "1_pool2"
  type: "Pooling"
  bottom: "1_conv2"
  top: "1_pool2"
  pooling_param {
    pool: AVE
    kernel_size: 3
    stride: 2
  }
}
layer {
  name: "1_conv3"
  type: "Convolution"
  bottom: "1_pool2"
  top: "1_conv3"
  param {
    lr_mult: 1
  }
  param {
    lr_mult: 2
  }
  convolution_param {
    num_output: 64
    pad: 2
    kernel_size: 5
    stride: 1
    weight_filler {
      type: "gaussian"
      std: 0.01
    }
    bias_filler {
      type: "constant"
    }
  }
}
layer {
  name: "1_relu3"
  type: "ReLU"
  bottom: "1_conv3"
  top: "1_conv3"
}
layer {
  name: "1_pool3"
  type: "Pooling"
  bottom: "1_conv3"
  top: "1_pool3"
  pooling_param {
    pool: AVE
    kernel_size: 3
    stride: 2
  }
}
layer {
  name: "1_ip1"
  type: "InnerProduct"
  bottom: "1_pool3"
  top: "1_ip1"
  param {
    lr_mult: 1
  }
  param {
    lr_mult: 2
  }
  inner_product_param {
    num_output: 64
    weight_filler {
      type: "gaussian"
      std: 0.1
    }
    bias_filler {
      type: "constant"
    }
  }
}
layer {
  name: "1_ip2"
  type: "InnerProduct"
  bottom: "1_ip1"
  top: "1_ip2"
  param {
    lr_mult: 1
  }
  param {
    lr_mult: 2
  }
  inner_product_param {
    num_output: 10
    weight_filler {
      type: "gaussian"
      std: 0.1
    }
    bias_filler {
      type: "constant"
    }
  }
}
layer {
  name: "1_prob"
  type: "Softmax"
  bottom: "1_ip2"
  top: "1_prob"
}
layer {
  name: "2_conv1"
  type: "Convolution"
  bottom: "data"
  top: "2_conv1"
  param {
    lr_mult: 1
  }
  param {
    lr_mult: 2
  }
  convolution_param {
    num_output: 32
    pad: 2
    kernel_size: 5
    stride: 1
    weight_filler {
      type: "gaussian"
      std: 0.0001
    }
    bias_filler {
      type: "constant"
    }
  }
}
layer {
  name: "2_pool1"
  type: "Pooling"
  bottom: "2_conv1"
  top: "2_pool1"
  pooling_param {
    pool: MAX
    kernel_size: 3
    stride: 2
  }
}
layer {
  name: "2_relu1"
  type: "ReLU"
  bottom: "2_pool1"
  top: "2_pool1"
}
layer {
  name: "2_conv2"
  type: "Convolution"
  bottom: "2_pool1"
  top: "2_conv2"
  param {
    lr_mult: 1
  }
  param {
    lr_mult: 2
  }
  convolution_param {
    num_output: 32
    pad: 2
    kernel_size: 5
    stride: 1
    weight_filler {
      type: "gaussian"
      std: 0.01
    }
    bias_filler {
      type: "constant"
    }
  }
}
layer {
  name: "2_relu2"
  type: "ReLU"
  bottom: "2_conv2"
  top: "2_conv2"
}
layer {
  name: "2_pool2"
  type: "Pooling"
  bottom: "2_conv2"
  top: "2_pool2"
  pooling_param {
    pool: AVE
    kernel_size: 3
    stride: 2
  }
}
layer {
  name: "2_conv3"
  type: "Convolution"
  bottom: "2_pool2"
  top: "2_conv3"
  param {
    lr_mult: 1
  }
  param {
    lr_mult: 2
  }
  convolution_param {
    num_output: 64
    pad: 2
    kernel_size: 5
    stride: 1
    weight_filler {
      type: "gaussian"
      std: 0.01
    }
    bias_filler {
      type: "constant"
    }
  }
}
layer {
  name: "2_relu3"
  type: "ReLU"
  bottom: "2_conv3"
  top: "2_conv3"
}
layer {
  name: "2_pool3"
  type: "Pooling"
  bottom: "2_conv3"
  top: "2_pool3"
  pooling_param {
    pool: AVE
    kernel_size: 3
    stride: 2
  }
}
layer {
  name: "2_ip1"
  type: "InnerProduct"
  bottom: "2_pool3"
  top: "2_ip1"
  param {
    lr_mult: 1
  }
  param {
    lr_mult: 2
  }
  inner_product_param {
    num_output: 64
    weight_filler {
      type: "gaussian"
      std: 0.1
    }
    bias_filler {
      type: "constant"
    }
  }
}
layer {
  name: "2_ip2"
  type: "InnerProduct"
  bottom: "2_ip1"
  top: "2_ip2"
  param {
    lr_mult: 1
  }
  param {
    lr_mult: 2
  }
  inner_product_param {
    num_output: 10
    weight_filler {
      type: "gaussian"
      std: 0.1
    }
    bias_filler {
      type: "constant"
    }
  }
}
layer {
  name: "2_prob"
  type: "Softmax"
  bottom: "2_ip2"
  top: "2_prob"
}
layer {
  name: "3_conv1"
  type: "Convolution"
  bottom: "data"
  top: "3_conv1"
  param {
    lr_mult: 1
  }
  param {
    lr_mult: 2
  }
  convolution_param {
    num_output: 32
    pad: 2
    kernel_size: 5
    stride: 1
    weight_filler {
      type: "gaussian"
      std: 0.0001
    }
    bias_filler {
      type: "constant"
    }
  }
}
layer {
  name: "3_pool1"
  type: "Pooling"
  bottom: "3_conv1"
  top: "3_pool1"
  pooling_param {
    pool: MAX
    kernel_size: 3
    stride: 2
  }
}
layer {
  name: "3_relu1"
  type: "ReLU"
  bottom: "3_pool1"
  top: "3_pool1"
}
layer {
  name: "3_conv2"
  type: "Convolution"
  bottom: "3_pool1"
  top: "3_conv2"
  param {
    lr_mult: 1
  }
  param {
    lr_mult: 2
  }
  convolution_param {
    num_output: 32
    pad: 2
    kernel_size: 5
    stride: 1
    weight_filler {
      type: "gaussian"
      std: 0.01
    }
    bias_filler {
      type: "constant"
    }
  }
}
layer {
  name: "3_relu2"
  type: "ReLU"
  bottom: "3_conv2"
  top: "3_conv2"
}
layer {
  name: "3_pool2"
  type: "Pooling"
  bottom: "3_conv2"
  top: "3_pool2"
  pooling_param {
    pool: AVE
    kernel_size: 3
    stride: 2
  }
}
layer {
  name: "3_conv3"
  type: "Convolution"
  bottom: "3_pool2"
  top: "3_conv3"
  param {
    lr_mult: 1
  }
  param {
    lr_mult: 2
  }
  convolution_param {
    num_output: 64
    pad: 2
    kernel_size: 5
    stride: 1
    weight_filler {
      type: "gaussian"
      std: 0.01
    }
    bias_filler {
      type: "constant"
    }
  }
}
layer {
  name: "3_relu3"
  type: "ReLU"
  bottom: "3_conv3"
  top: "3_conv3"
}
layer {
  name: "3_pool3"
  type: "Pooling"
  bottom: "3_conv3"
  top: "3_pool3"
  pooling_param {
    pool: AVE
    kernel_size: 3
    stride: 2
  }
}
layer {
  name: "3_ip1"
  type: "InnerProduct"
  bottom: "3_pool3"
  top: "3_ip1"
  param {
    lr_mult: 1
  }
  param {
    lr_mult: 2
  }
  inner_product_param {
    num_output: 64
    weight_filler {
      type: "gaussian"
      std: 0.1
    }
    bias_filler {
      type: "constant"
    }
  }
}
layer {
  name: "3_ip2"
  type: "InnerProduct"
  bottom: "3_ip1"
  top: "3_ip2"
  param {
    lr_mult: 1
  }
  param {
    lr_mult: 2
  }
  inner_product_param {
    num_output: 10
    weight_filler {
      type: "gaussian"
      std: 0.1
    }
    bias_filler {
      type: "constant"
    }
  }
}
layer {
  name: "3_prob"
  type: "Softmax"
  bottom: "3_ip2"
  top: "3_prob"
}
layer {
  name: "1_accuracy"
  type: "Accuracy"
  bottom: "1_prob"
  bottom: "label"
  top: "1_accuracy"
  include {
    phase: TEST
  }
}
layer {
  name: "2_accuracy"
  type: "Accuracy"
  bottom: "2_prob"
  bottom: "label"
  top: "2_accuracy"
  include {
    phase: TEST
  }
}
layer {
  name: "3_accuracy"
  type: "Accuracy"
  bottom: "3_prob"
  bottom: "label"
  top: "3_accuracy"
  include {
    phase: TEST
  }
}
layer {
  name: "accuracy"
  type: "OracleAccuracy"
  bottom: "1_prob"
  bottom: "2_prob"
  bottom: "3_prob"
  bottom: "label"
  top: "oracle accuracy"
  include {
    phase: TEST
  }
}
I0126 20:31:34.441563 19970 layer_factory.hpp:74] Creating layer cifar
I0126 20:31:34.441586 19970 net.cpp:90] Creating Layer cifar
I0126 20:31:34.441601 19970 net.cpp:368] cifar -> data
I0126 20:31:34.441620 19970 net.cpp:368] cifar -> label
I0126 20:31:34.441637 19970 net.cpp:120] Setting up cifar
I0126 20:31:34.441674 19970 db.cpp:34] Opened lmdb /home/mike/ml_lab/mod/MCL_Caffe/examples/cifar10/cifar10_test_lmdb
I0126 20:31:34.441712 19970 data_layer.cpp:67] output data size: 100,3,32,32
I0126 20:31:34.441730 19970 data_transformer.cpp:22] Loading mean file from: /home/mike/ml_lab/mod/MCL_Caffe/examples/cifar10/mean.binaryproto
I0126 20:31:34.442030 19970 net.cpp:127] Top shape: 100 3 32 32 (307200)
I0126 20:31:34.442037 19970 net.cpp:127] Top shape: 100 (100)
I0126 20:31:34.442041 19970 layer_factory.hpp:74] Creating layer data_cifar_0_split
I0126 20:31:34.442049 19970 net.cpp:90] Creating Layer data_cifar_0_split
I0126 20:31:34.442066 19970 net.cpp:410] data_cifar_0_split <- data
I0126 20:31:34.442082 19970 net.cpp:368] data_cifar_0_split -> data_cifar_0_split_0
I0126 20:31:34.442098 19970 net.cpp:368] data_cifar_0_split -> data_cifar_0_split_1
I0126 20:31:34.442116 19970 net.cpp:368] data_cifar_0_split -> data_cifar_0_split_2
I0126 20:31:34.442131 19970 net.cpp:120] Setting up data_cifar_0_split
I0126 20:31:34.442147 19970 net.cpp:127] Top shape: 100 3 32 32 (307200)
I0126 20:31:34.442162 19970 net.cpp:127] Top shape: 100 3 32 32 (307200)
I0126 20:31:34.442175 19970 net.cpp:127] Top shape: 100 3 32 32 (307200)
I0126 20:31:34.442188 19970 layer_factory.hpp:74] Creating layer label_cifar_1_split
I0126 20:31:34.442201 19970 net.cpp:90] Creating Layer label_cifar_1_split
I0126 20:31:34.442215 19970 net.cpp:410] label_cifar_1_split <- label
I0126 20:31:34.442229 19970 net.cpp:368] label_cifar_1_split -> label_cifar_1_split_0
I0126 20:31:34.442243 19970 net.cpp:368] label_cifar_1_split -> label_cifar_1_split_1
I0126 20:31:34.442260 19970 net.cpp:368] label_cifar_1_split -> label_cifar_1_split_2
I0126 20:31:34.442276 19970 net.cpp:368] label_cifar_1_split -> label_cifar_1_split_3
I0126 20:31:34.442291 19970 net.cpp:120] Setting up label_cifar_1_split
I0126 20:31:34.442306 19970 net.cpp:127] Top shape: 100 (100)
I0126 20:31:34.442319 19970 net.cpp:127] Top shape: 100 (100)
I0126 20:31:34.442332 19970 net.cpp:127] Top shape: 100 (100)
I0126 20:31:34.442345 19970 net.cpp:127] Top shape: 100 (100)
I0126 20:31:34.442356 19970 layer_factory.hpp:74] Creating layer 1_conv1
I0126 20:31:34.442370 19970 net.cpp:90] Creating Layer 1_conv1
I0126 20:31:34.442383 19970 net.cpp:410] 1_conv1 <- data_cifar_0_split_0
I0126 20:31:34.442396 19970 net.cpp:368] 1_conv1 -> 1_conv1
I0126 20:31:34.442411 19970 net.cpp:120] Setting up 1_conv1
I0126 20:31:34.442517 19970 net.cpp:127] Top shape: 100 32 32 32 (3276800)
I0126 20:31:34.442545 19970 layer_factory.hpp:74] Creating layer 1_pool1
I0126 20:31:34.442561 19970 net.cpp:90] Creating Layer 1_pool1
I0126 20:31:34.442574 19970 net.cpp:410] 1_pool1 <- 1_conv1
I0126 20:31:34.442587 19970 net.cpp:368] 1_pool1 -> 1_pool1
I0126 20:31:34.442602 19970 net.cpp:120] Setting up 1_pool1
I0126 20:31:34.442618 19970 net.cpp:127] Top shape: 100 32 16 16 (819200)
I0126 20:31:34.442631 19970 layer_factory.hpp:74] Creating layer 1_relu1
I0126 20:31:34.442646 19970 net.cpp:90] Creating Layer 1_relu1
I0126 20:31:34.442657 19970 net.cpp:410] 1_relu1 <- 1_pool1
I0126 20:31:34.442672 19970 net.cpp:357] 1_relu1 -> 1_pool1 (in-place)
I0126 20:31:34.442687 19970 net.cpp:120] Setting up 1_relu1
I0126 20:31:34.442703 19970 net.cpp:127] Top shape: 100 32 16 16 (819200)
I0126 20:31:34.442714 19970 layer_factory.hpp:74] Creating layer 1_conv2
I0126 20:31:34.442728 19970 net.cpp:90] Creating Layer 1_conv2
I0126 20:31:34.442741 19970 net.cpp:410] 1_conv2 <- 1_pool1
I0126 20:31:34.442755 19970 net.cpp:368] 1_conv2 -> 1_conv2
I0126 20:31:34.442770 19970 net.cpp:120] Setting up 1_conv2
I0126 20:31:34.443534 19970 net.cpp:127] Top shape: 100 32 16 16 (819200)
I0126 20:31:34.443545 19970 layer_factory.hpp:74] Creating layer 1_relu2
I0126 20:31:34.443552 19970 net.cpp:90] Creating Layer 1_relu2
I0126 20:31:34.443568 19970 net.cpp:410] 1_relu2 <- 1_conv2
I0126 20:31:34.443584 19970 net.cpp:357] 1_relu2 -> 1_conv2 (in-place)
I0126 20:31:34.443598 19970 net.cpp:120] Setting up 1_relu2
I0126 20:31:34.443614 19970 net.cpp:127] Top shape: 100 32 16 16 (819200)
I0126 20:31:34.443626 19970 layer_factory.hpp:74] Creating layer 1_pool2
I0126 20:31:34.443640 19970 net.cpp:90] Creating Layer 1_pool2
I0126 20:31:34.443652 19970 net.cpp:410] 1_pool2 <- 1_conv2
I0126 20:31:34.443667 19970 net.cpp:368] 1_pool2 -> 1_pool2
I0126 20:31:34.443681 19970 net.cpp:120] Setting up 1_pool2
I0126 20:31:34.443697 19970 net.cpp:127] Top shape: 100 32 8 8 (204800)
I0126 20:31:34.443709 19970 layer_factory.hpp:74] Creating layer 1_conv3
I0126 20:31:34.443723 19970 net.cpp:90] Creating Layer 1_conv3
I0126 20:31:34.443734 19970 net.cpp:410] 1_conv3 <- 1_pool2
I0126 20:31:34.443750 19970 net.cpp:368] 1_conv3 -> 1_conv3
I0126 20:31:34.443764 19970 net.cpp:120] Setting up 1_conv3
I0126 20:31:34.445188 19970 net.cpp:127] Top shape: 100 64 8 8 (409600)
I0126 20:31:34.445199 19970 layer_factory.hpp:74] Creating layer 1_relu3
I0126 20:31:34.445205 19970 net.cpp:90] Creating Layer 1_relu3
I0126 20:31:34.445220 19970 net.cpp:410] 1_relu3 <- 1_conv3
I0126 20:31:34.445236 19970 net.cpp:357] 1_relu3 -> 1_conv3 (in-place)
I0126 20:31:34.445250 19970 net.cpp:120] Setting up 1_relu3
I0126 20:31:34.445266 19970 net.cpp:127] Top shape: 100 64 8 8 (409600)
I0126 20:31:34.445277 19970 layer_factory.hpp:74] Creating layer 1_pool3
I0126 20:31:34.445293 19970 net.cpp:90] Creating Layer 1_pool3
I0126 20:31:34.445305 19970 net.cpp:410] 1_pool3 <- 1_conv3
I0126 20:31:34.445318 19970 net.cpp:368] 1_pool3 -> 1_pool3
I0126 20:31:34.445333 19970 net.cpp:120] Setting up 1_pool3
I0126 20:31:34.445348 19970 net.cpp:127] Top shape: 100 64 4 4 (102400)
I0126 20:31:34.445360 19970 layer_factory.hpp:74] Creating layer 1_ip1
I0126 20:31:34.445374 19970 net.cpp:90] Creating Layer 1_ip1
I0126 20:31:34.445386 19970 net.cpp:410] 1_ip1 <- 1_pool3
I0126 20:31:34.445401 19970 net.cpp:368] 1_ip1 -> 1_ip1
I0126 20:31:34.445416 19970 net.cpp:120] Setting up 1_ip1
I0126 20:31:34.446995 19970 net.cpp:127] Top shape: 100 64 (6400)
I0126 20:31:34.447003 19970 layer_factory.hpp:74] Creating layer 1_ip2
I0126 20:31:34.447010 19970 net.cpp:90] Creating Layer 1_ip2
I0126 20:31:34.447026 19970 net.cpp:410] 1_ip2 <- 1_ip1
I0126 20:31:34.447044 19970 net.cpp:368] 1_ip2 -> 1_ip2
I0126 20:31:34.447062 19970 net.cpp:120] Setting up 1_ip2
I0126 20:31:34.447104 19970 net.cpp:127] Top shape: 100 10 (1000)
I0126 20:31:34.447124 19970 layer_factory.hpp:74] Creating layer 1_prob
I0126 20:31:34.447139 19970 net.cpp:90] Creating Layer 1_prob
I0126 20:31:34.447154 19970 net.cpp:410] 1_prob <- 1_ip2
I0126 20:31:34.447175 19970 net.cpp:368] 1_prob -> 1_prob
I0126 20:31:34.447188 19970 net.cpp:120] Setting up 1_prob
I0126 20:31:34.447204 19970 net.cpp:127] Top shape: 100 10 (1000)
I0126 20:31:34.447216 19970 layer_factory.hpp:74] Creating layer 1_prob_1_prob_0_split
I0126 20:31:34.447229 19970 net.cpp:90] Creating Layer 1_prob_1_prob_0_split
I0126 20:31:34.447242 19970 net.cpp:410] 1_prob_1_prob_0_split <- 1_prob
I0126 20:31:34.447257 19970 net.cpp:368] 1_prob_1_prob_0_split -> 1_prob_1_prob_0_split_0
I0126 20:31:34.447274 19970 net.cpp:368] 1_prob_1_prob_0_split -> 1_prob_1_prob_0_split_1
I0126 20:31:34.447288 19970 net.cpp:120] Setting up 1_prob_1_prob_0_split
I0126 20:31:34.447304 19970 net.cpp:127] Top shape: 100 10 (1000)
I0126 20:31:34.447316 19970 net.cpp:127] Top shape: 100 10 (1000)
I0126 20:31:34.447329 19970 layer_factory.hpp:74] Creating layer 2_conv1
I0126 20:31:34.447345 19970 net.cpp:90] Creating Layer 2_conv1
I0126 20:31:34.447357 19970 net.cpp:410] 2_conv1 <- data_cifar_0_split_1
I0126 20:31:34.447371 19970 net.cpp:368] 2_conv1 -> 2_conv1
I0126 20:31:34.447386 19970 net.cpp:120] Setting up 2_conv1
I0126 20:31:34.447487 19970 net.cpp:127] Top shape: 100 32 32 32 (3276800)
I0126 20:31:34.447505 19970 layer_factory.hpp:74] Creating layer 2_pool1
I0126 20:31:34.447520 19970 net.cpp:90] Creating Layer 2_pool1
I0126 20:31:34.447532 19970 net.cpp:410] 2_pool1 <- 2_conv1
I0126 20:31:34.447546 19970 net.cpp:368] 2_pool1 -> 2_pool1
I0126 20:31:34.447561 19970 net.cpp:120] Setting up 2_pool1
I0126 20:31:34.447577 19970 net.cpp:127] Top shape: 100 32 16 16 (819200)
I0126 20:31:34.447590 19970 layer_factory.hpp:74] Creating layer 2_relu1
I0126 20:31:34.447607 19970 net.cpp:90] Creating Layer 2_relu1
I0126 20:31:34.447619 19970 net.cpp:410] 2_relu1 <- 2_pool1
I0126 20:31:34.447633 19970 net.cpp:357] 2_relu1 -> 2_pool1 (in-place)
I0126 20:31:34.447646 19970 net.cpp:120] Setting up 2_relu1
I0126 20:31:34.447660 19970 net.cpp:127] Top shape: 100 32 16 16 (819200)
I0126 20:31:34.447672 19970 layer_factory.hpp:74] Creating layer 2_conv2
I0126 20:31:34.447686 19970 net.cpp:90] Creating Layer 2_conv2
I0126 20:31:34.447698 19970 net.cpp:410] 2_conv2 <- 2_pool1
I0126 20:31:34.447712 19970 net.cpp:368] 2_conv2 -> 2_conv2
I0126 20:31:34.447726 19970 net.cpp:120] Setting up 2_conv2
I0126 20:31:34.448500 19970 net.cpp:127] Top shape: 100 32 16 16 (819200)
I0126 20:31:34.448509 19970 layer_factory.hpp:74] Creating layer 2_relu2
I0126 20:31:34.448515 19970 net.cpp:90] Creating Layer 2_relu2
I0126 20:31:34.448532 19970 net.cpp:410] 2_relu2 <- 2_conv2
I0126 20:31:34.448547 19970 net.cpp:357] 2_relu2 -> 2_conv2 (in-place)
I0126 20:31:34.448562 19970 net.cpp:120] Setting up 2_relu2
I0126 20:31:34.448577 19970 net.cpp:127] Top shape: 100 32 16 16 (819200)
I0126 20:31:34.448590 19970 layer_factory.hpp:74] Creating layer 2_pool2
I0126 20:31:34.448603 19970 net.cpp:90] Creating Layer 2_pool2
I0126 20:31:34.448616 19970 net.cpp:410] 2_pool2 <- 2_conv2
I0126 20:31:34.448628 19970 net.cpp:368] 2_pool2 -> 2_pool2
I0126 20:31:34.448642 19970 net.cpp:120] Setting up 2_pool2
I0126 20:31:34.448657 19970 net.cpp:127] Top shape: 100 32 8 8 (204800)
I0126 20:31:34.448669 19970 layer_factory.hpp:74] Creating layer 2_conv3
I0126 20:31:34.448684 19970 net.cpp:90] Creating Layer 2_conv3
I0126 20:31:34.448696 19970 net.cpp:410] 2_conv3 <- 2_pool2
I0126 20:31:34.448711 19970 net.cpp:368] 2_conv3 -> 2_conv3
I0126 20:31:34.448726 19970 net.cpp:120] Setting up 2_conv3
I0126 20:31:34.450151 19970 net.cpp:127] Top shape: 100 64 8 8 (409600)
I0126 20:31:34.450160 19970 layer_factory.hpp:74] Creating layer 2_relu3
I0126 20:31:34.450167 19970 net.cpp:90] Creating Layer 2_relu3
I0126 20:31:34.450170 19970 net.cpp:410] 2_relu3 <- 2_conv3
I0126 20:31:34.450188 19970 net.cpp:357] 2_relu3 -> 2_conv3 (in-place)
I0126 20:31:34.450204 19970 net.cpp:120] Setting up 2_relu3
I0126 20:31:34.450219 19970 net.cpp:127] Top shape: 100 64 8 8 (409600)
I0126 20:31:34.450232 19970 layer_factory.hpp:74] Creating layer 2_pool3
I0126 20:31:34.450250 19970 net.cpp:90] Creating Layer 2_pool3
I0126 20:31:34.450270 19970 net.cpp:410] 2_pool3 <- 2_conv3
I0126 20:31:34.450285 19970 net.cpp:368] 2_pool3 -> 2_pool3
I0126 20:31:34.450302 19970 net.cpp:120] Setting up 2_pool3
I0126 20:31:34.450320 19970 net.cpp:127] Top shape: 100 64 4 4 (102400)
I0126 20:31:34.450333 19970 layer_factory.hpp:74] Creating layer 2_ip1
I0126 20:31:34.450348 19970 net.cpp:90] Creating Layer 2_ip1
I0126 20:31:34.450363 19970 net.cpp:410] 2_ip1 <- 2_pool3
I0126 20:31:34.450379 19970 net.cpp:368] 2_ip1 -> 2_ip1
I0126 20:31:34.450395 19970 net.cpp:120] Setting up 2_ip1
I0126 20:31:34.451936 19970 net.cpp:127] Top shape: 100 64 (6400)
I0126 20:31:34.451947 19970 layer_factory.hpp:74] Creating layer 2_ip2
I0126 20:31:34.451956 19970 net.cpp:90] Creating Layer 2_ip2
I0126 20:31:34.451972 19970 net.cpp:410] 2_ip2 <- 2_ip1
I0126 20:31:34.451990 19970 net.cpp:368] 2_ip2 -> 2_ip2
I0126 20:31:34.452008 19970 net.cpp:120] Setting up 2_ip2
I0126 20:31:34.452049 19970 net.cpp:127] Top shape: 100 10 (1000)
I0126 20:31:34.452064 19970 layer_factory.hpp:74] Creating layer 2_prob
I0126 20:31:34.452080 19970 net.cpp:90] Creating Layer 2_prob
I0126 20:31:34.452091 19970 net.cpp:410] 2_prob <- 2_ip2
I0126 20:31:34.452105 19970 net.cpp:368] 2_prob -> 2_prob
I0126 20:31:34.452121 19970 net.cpp:120] Setting up 2_prob
I0126 20:31:34.452136 19970 net.cpp:127] Top shape: 100 10 (1000)
I0126 20:31:34.452147 19970 layer_factory.hpp:74] Creating layer 2_prob_2_prob_0_split
I0126 20:31:34.452160 19970 net.cpp:90] Creating Layer 2_prob_2_prob_0_split
I0126 20:31:34.452172 19970 net.cpp:410] 2_prob_2_prob_0_split <- 2_prob
I0126 20:31:34.452186 19970 net.cpp:368] 2_prob_2_prob_0_split -> 2_prob_2_prob_0_split_0
I0126 20:31:34.452203 19970 net.cpp:368] 2_prob_2_prob_0_split -> 2_prob_2_prob_0_split_1
I0126 20:31:34.452217 19970 net.cpp:120] Setting up 2_prob_2_prob_0_split
I0126 20:31:34.452230 19970 net.cpp:127] Top shape: 100 10 (1000)
I0126 20:31:34.452241 19970 net.cpp:127] Top shape: 100 10 (1000)
I0126 20:31:34.452253 19970 layer_factory.hpp:74] Creating layer 3_conv1
I0126 20:31:34.452270 19970 net.cpp:90] Creating Layer 3_conv1
I0126 20:31:34.452281 19970 net.cpp:410] 3_conv1 <- data_cifar_0_split_2
I0126 20:31:34.452297 19970 net.cpp:368] 3_conv1 -> 3_conv1
I0126 20:31:34.452312 19970 net.cpp:120] Setting up 3_conv1
I0126 20:31:34.452412 19970 net.cpp:127] Top shape: 100 32 32 32 (3276800)
I0126 20:31:34.452431 19970 layer_factory.hpp:74] Creating layer 3_pool1
I0126 20:31:34.452445 19970 net.cpp:90] Creating Layer 3_pool1
I0126 20:31:34.452458 19970 net.cpp:410] 3_pool1 <- 3_conv1
I0126 20:31:34.452471 19970 net.cpp:368] 3_pool1 -> 3_pool1
I0126 20:31:34.452487 19970 net.cpp:120] Setting up 3_pool1
I0126 20:31:34.452503 19970 net.cpp:127] Top shape: 100 32 16 16 (819200)
I0126 20:31:34.452517 19970 layer_factory.hpp:74] Creating layer 3_relu1
I0126 20:31:34.452533 19970 net.cpp:90] Creating Layer 3_relu1
I0126 20:31:34.452544 19970 net.cpp:410] 3_relu1 <- 3_pool1
I0126 20:31:34.452558 19970 net.cpp:357] 3_relu1 -> 3_pool1 (in-place)
I0126 20:31:34.452574 19970 net.cpp:120] Setting up 3_relu1
I0126 20:31:34.452589 19970 net.cpp:127] Top shape: 100 32 16 16 (819200)
I0126 20:31:34.452600 19970 layer_factory.hpp:74] Creating layer 3_conv2
I0126 20:31:34.452616 19970 net.cpp:90] Creating Layer 3_conv2
I0126 20:31:34.452630 19970 net.cpp:410] 3_conv2 <- 3_pool1
I0126 20:31:34.452643 19970 net.cpp:368] 3_conv2 -> 3_conv2
I0126 20:31:34.452658 19970 net.cpp:120] Setting up 3_conv2
I0126 20:31:34.453450 19970 net.cpp:127] Top shape: 100 32 16 16 (819200)
I0126 20:31:34.453459 19970 layer_factory.hpp:74] Creating layer 3_relu2
I0126 20:31:34.453465 19970 net.cpp:90] Creating Layer 3_relu2
I0126 20:31:34.453470 19970 net.cpp:410] 3_relu2 <- 3_conv2
I0126 20:31:34.453476 19970 net.cpp:357] 3_relu2 -> 3_conv2 (in-place)
I0126 20:31:34.453495 19970 net.cpp:120] Setting up 3_relu2
I0126 20:31:34.453510 19970 net.cpp:127] Top shape: 100 32 16 16 (819200)
I0126 20:31:34.453523 19970 layer_factory.hpp:74] Creating layer 3_pool2
I0126 20:31:34.453541 19970 net.cpp:90] Creating Layer 3_pool2
I0126 20:31:34.453559 19970 net.cpp:410] 3_pool2 <- 3_conv2
I0126 20:31:34.453575 19970 net.cpp:368] 3_pool2 -> 3_pool2
I0126 20:31:34.453591 19970 net.cpp:120] Setting up 3_pool2
I0126 20:31:34.453606 19970 net.cpp:127] Top shape: 100 32 8 8 (204800)
I0126 20:31:34.453619 19970 layer_factory.hpp:74] Creating layer 3_conv3
I0126 20:31:34.453632 19970 net.cpp:90] Creating Layer 3_conv3
I0126 20:31:34.453644 19970 net.cpp:410] 3_conv3 <- 3_pool2
I0126 20:31:34.453660 19970 net.cpp:368] 3_conv3 -> 3_conv3
I0126 20:31:34.453675 19970 net.cpp:120] Setting up 3_conv3
I0126 20:31:34.455132 19970 net.cpp:127] Top shape: 100 64 8 8 (409600)
I0126 20:31:34.455140 19970 layer_factory.hpp:74] Creating layer 3_relu3
I0126 20:31:34.455147 19970 net.cpp:90] Creating Layer 3_relu3
I0126 20:31:34.455163 19970 net.cpp:410] 3_relu3 <- 3_conv3
I0126 20:31:34.455178 19970 net.cpp:357] 3_relu3 -> 3_conv3 (in-place)
I0126 20:31:34.455193 19970 net.cpp:120] Setting up 3_relu3
I0126 20:31:34.455207 19970 net.cpp:127] Top shape: 100 64 8 8 (409600)
I0126 20:31:34.455220 19970 layer_factory.hpp:74] Creating layer 3_pool3
I0126 20:31:34.455235 19970 net.cpp:90] Creating Layer 3_pool3
I0126 20:31:34.455247 19970 net.cpp:410] 3_pool3 <- 3_conv3
I0126 20:31:34.455261 19970 net.cpp:368] 3_pool3 -> 3_pool3
I0126 20:31:34.455276 19970 net.cpp:120] Setting up 3_pool3
I0126 20:31:34.455291 19970 net.cpp:127] Top shape: 100 64 4 4 (102400)
I0126 20:31:34.455302 19970 layer_factory.hpp:74] Creating layer 3_ip1
I0126 20:31:34.455317 19970 net.cpp:90] Creating Layer 3_ip1
I0126 20:31:34.455328 19970 net.cpp:410] 3_ip1 <- 3_pool3
I0126 20:31:34.455343 19970 net.cpp:368] 3_ip1 -> 3_ip1
I0126 20:31:34.455358 19970 net.cpp:120] Setting up 3_ip1
I0126 20:31:34.456936 19970 net.cpp:127] Top shape: 100 64 (6400)
I0126 20:31:34.456944 19970 layer_factory.hpp:74] Creating layer 3_ip2
I0126 20:31:34.456951 19970 net.cpp:90] Creating Layer 3_ip2
I0126 20:31:34.456971 19970 net.cpp:410] 3_ip2 <- 3_ip1
I0126 20:31:34.456990 19970 net.cpp:368] 3_ip2 -> 3_ip2
I0126 20:31:34.457006 19970 net.cpp:120] Setting up 3_ip2
I0126 20:31:34.457047 19970 net.cpp:127] Top shape: 100 10 (1000)
I0126 20:31:34.457064 19970 layer_factory.hpp:74] Creating layer 3_prob
I0126 20:31:34.457079 19970 net.cpp:90] Creating Layer 3_prob
I0126 20:31:34.457092 19970 net.cpp:410] 3_prob <- 3_ip2
I0126 20:31:34.457104 19970 net.cpp:368] 3_prob -> 3_prob
I0126 20:31:34.457118 19970 net.cpp:120] Setting up 3_prob
I0126 20:31:34.457140 19970 net.cpp:127] Top shape: 100 10 (1000)
I0126 20:31:34.457154 19970 layer_factory.hpp:74] Creating layer 3_prob_3_prob_0_split
I0126 20:31:34.457166 19970 net.cpp:90] Creating Layer 3_prob_3_prob_0_split
I0126 20:31:34.457178 19970 net.cpp:410] 3_prob_3_prob_0_split <- 3_prob
I0126 20:31:34.457191 19970 net.cpp:368] 3_prob_3_prob_0_split -> 3_prob_3_prob_0_split_0
I0126 20:31:34.457208 19970 net.cpp:368] 3_prob_3_prob_0_split -> 3_prob_3_prob_0_split_1
I0126 20:31:34.457223 19970 net.cpp:120] Setting up 3_prob_3_prob_0_split
I0126 20:31:34.457238 19970 net.cpp:127] Top shape: 100 10 (1000)
I0126 20:31:34.457252 19970 net.cpp:127] Top shape: 100 10 (1000)
I0126 20:31:34.457263 19970 layer_factory.hpp:74] Creating layer 1_accuracy
I0126 20:31:34.457278 19970 net.cpp:90] Creating Layer 1_accuracy
I0126 20:31:34.457290 19970 net.cpp:410] 1_accuracy <- 1_prob_1_prob_0_split_0
I0126 20:31:34.457304 19970 net.cpp:410] 1_accuracy <- label_cifar_1_split_0
I0126 20:31:34.457317 19970 net.cpp:368] 1_accuracy -> 1_accuracy
I0126 20:31:34.457331 19970 net.cpp:120] Setting up 1_accuracy
I0126 20:31:34.457348 19970 net.cpp:127] Top shape: (1)
I0126 20:31:34.457360 19970 layer_factory.hpp:74] Creating layer 2_accuracy
I0126 20:31:34.457378 19970 net.cpp:90] Creating Layer 2_accuracy
I0126 20:31:34.457391 19970 net.cpp:410] 2_accuracy <- 2_prob_2_prob_0_split_0
I0126 20:31:34.457403 19970 net.cpp:410] 2_accuracy <- label_cifar_1_split_1
I0126 20:31:34.457417 19970 net.cpp:368] 2_accuracy -> 2_accuracy
I0126 20:31:34.457435 19970 net.cpp:120] Setting up 2_accuracy
I0126 20:31:34.457455 19970 net.cpp:127] Top shape: (1)
I0126 20:31:34.457468 19970 layer_factory.hpp:74] Creating layer 3_accuracy
I0126 20:31:34.457480 19970 net.cpp:90] Creating Layer 3_accuracy
I0126 20:31:34.457492 19970 net.cpp:410] 3_accuracy <- 3_prob_3_prob_0_split_0
I0126 20:31:34.457504 19970 net.cpp:410] 3_accuracy <- label_cifar_1_split_2
I0126 20:31:34.457520 19970 net.cpp:368] 3_accuracy -> 3_accuracy
I0126 20:31:34.457533 19970 net.cpp:120] Setting up 3_accuracy
I0126 20:31:34.457547 19970 net.cpp:127] Top shape: (1)
I0126 20:31:34.457561 19970 layer_factory.hpp:74] Creating layer accuracy
I0126 20:31:34.457577 19970 net.cpp:90] Creating Layer accuracy
I0126 20:31:34.457590 19970 net.cpp:410] accuracy <- 1_prob_1_prob_0_split_1
I0126 20:31:34.457603 19970 net.cpp:410] accuracy <- 2_prob_2_prob_0_split_1
I0126 20:31:34.457615 19970 net.cpp:410] accuracy <- 3_prob_3_prob_0_split_1
I0126 20:31:34.457628 19970 net.cpp:410] accuracy <- label_cifar_1_split_3
I0126 20:31:34.457643 19970 net.cpp:368] accuracy -> oracle accuracy
I0126 20:31:34.457657 19970 net.cpp:120] Setting up accuracy
I0126 20:31:34.457672 19970 net.cpp:127] Top shape: (1)
I0126 20:31:34.457685 19970 net.cpp:194] accuracy does not need backward computation.
I0126 20:31:34.457697 19970 net.cpp:194] 3_accuracy does not need backward computation.
I0126 20:31:34.457710 19970 net.cpp:194] 2_accuracy does not need backward computation.
I0126 20:31:34.457721 19970 net.cpp:194] 1_accuracy does not need backward computation.
I0126 20:31:34.457733 19970 net.cpp:194] 3_prob_3_prob_0_split does not need backward computation.
I0126 20:31:34.457746 19970 net.cpp:194] 3_prob does not need backward computation.
I0126 20:31:34.457757 19970 net.cpp:194] 3_ip2 does not need backward computation.
I0126 20:31:34.457768 19970 net.cpp:194] 3_ip1 does not need backward computation.
I0126 20:31:34.457780 19970 net.cpp:194] 3_pool3 does not need backward computation.
I0126 20:31:34.457792 19970 net.cpp:194] 3_relu3 does not need backward computation.
I0126 20:31:34.457803 19970 net.cpp:194] 3_conv3 does not need backward computation.
I0126 20:31:34.457814 19970 net.cpp:194] 3_pool2 does not need backward computation.
I0126 20:31:34.457826 19970 net.cpp:194] 3_relu2 does not need backward computation.
I0126 20:31:34.457837 19970 net.cpp:194] 3_conv2 does not need backward computation.
I0126 20:31:34.457849 19970 net.cpp:194] 3_relu1 does not need backward computation.
I0126 20:31:34.457860 19970 net.cpp:194] 3_pool1 does not need backward computation.
I0126 20:31:34.457872 19970 net.cpp:194] 3_conv1 does not need backward computation.
I0126 20:31:34.457883 19970 net.cpp:194] 2_prob_2_prob_0_split does not need backward computation.
I0126 20:31:34.457895 19970 net.cpp:194] 2_prob does not need backward computation.
I0126 20:31:34.457906 19970 net.cpp:194] 2_ip2 does not need backward computation.
I0126 20:31:34.457917 19970 net.cpp:194] 2_ip1 does not need backward computation.
I0126 20:31:34.457928 19970 net.cpp:194] 2_pool3 does not need backward computation.
I0126 20:31:34.457940 19970 net.cpp:194] 2_relu3 does not need backward computation.
I0126 20:31:34.457952 19970 net.cpp:194] 2_conv3 does not need backward computation.
I0126 20:31:34.457962 19970 net.cpp:194] 2_pool2 does not need backward computation.
I0126 20:31:34.457973 19970 net.cpp:194] 2_relu2 does not need backward computation.
I0126 20:31:34.457984 19970 net.cpp:194] 2_conv2 does not need backward computation.
I0126 20:31:34.457995 19970 net.cpp:194] 2_relu1 does not need backward computation.
I0126 20:31:34.458006 19970 net.cpp:194] 2_pool1 does not need backward computation.
I0126 20:31:34.458019 19970 net.cpp:194] 2_conv1 does not need backward computation.
I0126 20:31:34.458031 19970 net.cpp:194] 1_prob_1_prob_0_split does not need backward computation.
I0126 20:31:34.458043 19970 net.cpp:194] 1_prob does not need backward computation.
I0126 20:31:34.458055 19970 net.cpp:194] 1_ip2 does not need backward computation.
I0126 20:31:34.458070 19970 net.cpp:194] 1_ip1 does not need backward computation.
I0126 20:31:34.458087 19970 net.cpp:194] 1_pool3 does not need backward computation.
I0126 20:31:34.458099 19970 net.cpp:194] 1_relu3 does not need backward computation.
I0126 20:31:34.458111 19970 net.cpp:194] 1_conv3 does not need backward computation.
I0126 20:31:34.458122 19970 net.cpp:194] 1_pool2 does not need backward computation.
I0126 20:31:34.458133 19970 net.cpp:194] 1_relu2 does not need backward computation.
I0126 20:31:34.458144 19970 net.cpp:194] 1_conv2 does not need backward computation.
I0126 20:31:34.458156 19970 net.cpp:194] 1_relu1 does not need backward computation.
I0126 20:31:34.458168 19970 net.cpp:194] 1_pool1 does not need backward computation.
I0126 20:31:34.458178 19970 net.cpp:194] 1_conv1 does not need backward computation.
I0126 20:31:34.458190 19970 net.cpp:194] label_cifar_1_split does not need backward computation.
I0126 20:31:34.458202 19970 net.cpp:194] data_cifar_0_split does not need backward computation.
I0126 20:31:34.458214 19970 net.cpp:194] cifar does not need backward computation.
I0126 20:31:34.458225 19970 net.cpp:235] This network produces output 1_accuracy
I0126 20:31:34.458236 19970 net.cpp:235] This network produces output 2_accuracy
I0126 20:31:34.458248 19970 net.cpp:235] This network produces output 3_accuracy
I0126 20:31:34.458261 19970 net.cpp:235] This network produces output oracle accuracy
I0126 20:31:34.458302 19970 net.cpp:482] Collecting Learning Rate and Weight Decay.
I0126 20:31:34.458317 19970 net.cpp:247] Network initialization done.
I0126 20:31:34.458329 19970 net.cpp:248] Memory required for data: 97202016
I0126 20:31:34.458461 19970 solver.cpp:42] Solver scaffolding done.
I0126 20:31:34.458519 19970 caffe.cpp:126] Resuming from /home/mike/ml_lab/mod/MCL_Caffe/examples/cifar10/cifar10_inst_dist_experiments/3_models/run3/mcl_cifar10_quick_iter_4000.solverstate
I0126 20:31:34.458535 19970 solver.cpp:225] Solving CIFAR10_quick
I0126 20:31:34.458547 19970 solver.cpp:226] Learning Rate Policy: fixed
I0126 20:31:34.458559 19970 solver.cpp:229] Restoring previous solver status from /home/mike/ml_lab/mod/MCL_Caffe/examples/cifar10/cifar10_inst_dist_experiments/3_models/run3/mcl_cifar10_quick_iter_4000.solverstate
I0126 20:31:34.462718 19970 solver.cpp:582] SGDSolver: restoring history
I0126 20:31:37.281922 19970 solver.cpp:189] Iteration 4000, loss = 0.354652
I0126 20:31:37.281945 19970 solver.cpp:204]     Train net output #0: batch-instance-counts = 165
I0126 20:31:37.281951 19970 solver.cpp:204]     Train net output #1: batch-instance-counts = 85
I0126 20:31:37.281955 19970 solver.cpp:204]     Train net output #2: batch-instance-counts = 100
I0126 20:31:37.281963 19970 solver.cpp:204]     Train net output #3: multiple-output loss = 0.103165 (* 1 = 0.103165 loss)
I0126 20:31:37.281970 19970 solver.cpp:204]     Train net output #4: multiple-output loss = 0.0782156 (* 1 = 0.0782156 loss)
I0126 20:31:37.281978 19970 solver.cpp:204]     Train net output #5: multiple-output loss = 0.173271 (* 1 = 0.173271 loss)
I0126 20:31:37.281983 19970 solver.cpp:204]     Train net output #6: train-instance-counts = 165
I0126 20:31:37.281985 19970 solver.cpp:204]     Train net output #7: train-instance-counts = 85
I0126 20:31:37.281988 19970 solver.cpp:204]     Train net output #8: train-instance-counts = 100
I0126 20:31:37.281993 19970 solver.cpp:461] Iteration 4000, lr = 0.0001
I0126 20:37:37.551350 19970 solver.cpp:189] Iteration 4100, loss = 0.363599
I0126 20:37:37.551401 19970 solver.cpp:204]     Train net output #0: batch-instance-counts = 140
I0126 20:37:37.551406 19970 solver.cpp:204]     Train net output #1: batch-instance-counts = 106
I0126 20:37:37.551409 19970 solver.cpp:204]     Train net output #2: batch-instance-counts = 104
I0126 20:37:37.551414 19970 solver.cpp:204]     Train net output #3: multiple-output loss = 0.120651 (* 1 = 0.120651 loss)
I0126 20:37:37.551419 19970 solver.cpp:204]     Train net output #4: multiple-output loss = 0.123792 (* 1 = 0.123792 loss)
I0126 20:37:37.551421 19970 solver.cpp:204]     Train net output #5: multiple-output loss = 0.119156 (* 1 = 0.119156 loss)
I0126 20:37:37.551424 19970 solver.cpp:204]     Train net output #6: train-instance-counts = 14557
I0126 20:37:37.551426 19970 solver.cpp:204]     Train net output #7: train-instance-counts = 9554
I0126 20:37:37.551429 19970 solver.cpp:204]     Train net output #8: train-instance-counts = 11239
I0126 20:37:37.551432 19970 solver.cpp:461] Iteration 4100, lr = 0.0001
I0126 20:43:38.215889 19970 solver.cpp:189] Iteration 4200, loss = 0.220119
I0126 20:43:38.215960 19970 solver.cpp:204]     Train net output #0: batch-instance-counts = 128
I0126 20:43:38.215970 19970 solver.cpp:204]     Train net output #1: batch-instance-counts = 92
I0126 20:43:38.215975 19970 solver.cpp:204]     Train net output #2: batch-instance-counts = 130
I0126 20:43:38.215984 19970 solver.cpp:204]     Train net output #3: multiple-output loss = 0.0465706 (* 1 = 0.0465706 loss)
I0126 20:43:38.215992 19970 solver.cpp:204]     Train net output #4: multiple-output loss = 0.080623 (* 1 = 0.080623 loss)
I0126 20:43:38.215999 19970 solver.cpp:204]     Train net output #5: multiple-output loss = 0.0929253 (* 1 = 0.0929253 loss)
I0126 20:43:38.216004 19970 solver.cpp:204]     Train net output #6: train-instance-counts = 28837
I0126 20:43:38.216009 19970 solver.cpp:204]     Train net output #7: train-instance-counts = 19160
I0126 20:43:38.216013 19970 solver.cpp:204]     Train net output #8: train-instance-counts = 22353
I0126 20:43:38.216019 19970 solver.cpp:461] Iteration 4200, lr = 0.0001
I0126 20:49:38.993963 19970 solver.cpp:189] Iteration 4300, loss = 0.413471
I0126 20:49:38.994005 19970 solver.cpp:204]     Train net output #0: batch-instance-counts = 147
I0126 20:49:38.994014 19970 solver.cpp:204]     Train net output #1: batch-instance-counts = 98
I0126 20:49:38.994019 19970 solver.cpp:204]     Train net output #2: batch-instance-counts = 105
I0126 20:49:38.994026 19970 solver.cpp:204]     Train net output #3: multiple-output loss = 0.114779 (* 1 = 0.114779 loss)
I0126 20:49:38.994034 19970 solver.cpp:204]     Train net output #4: multiple-output loss = 0.132704 (* 1 = 0.132704 loss)
I0126 20:49:38.994040 19970 solver.cpp:204]     Train net output #5: multiple-output loss = 0.165987 (* 1 = 0.165987 loss)
I0126 20:49:38.994045 19970 solver.cpp:204]     Train net output #6: train-instance-counts = 43238
I0126 20:49:38.994050 19970 solver.cpp:204]     Train net output #7: train-instance-counts = 28607
I0126 20:49:38.994055 19970 solver.cpp:204]     Train net output #8: train-instance-counts = 33505
I0126 20:49:38.994060 19970 solver.cpp:461] Iteration 4300, lr = 0.0001
I0126 20:55:39.839138 19970 solver.cpp:189] Iteration 4400, loss = 0.187618
I0126 20:55:39.839179 19970 solver.cpp:204]     Train net output #0: batch-instance-counts = 144
I0126 20:55:39.839185 19970 solver.cpp:204]     Train net output #1: batch-instance-counts = 94
I0126 20:55:39.839190 19970 solver.cpp:204]     Train net output #2: batch-instance-counts = 112
I0126 20:55:39.839198 19970 solver.cpp:204]     Train net output #3: multiple-output loss = 0.0662644 (* 1 = 0.0662644 loss)
I0126 20:55:39.839205 19970 solver.cpp:204]     Train net output #4: multiple-output loss = 0.028697 (* 1 = 0.028697 loss)
I0126 20:55:39.839212 19970 solver.cpp:204]     Train net output #5: multiple-output loss = 0.0926569 (* 1 = 0.0926569 loss)
I0126 20:55:39.839217 19970 solver.cpp:204]     Train net output #6: train-instance-counts = 57579
I0126 20:55:39.839221 19970 solver.cpp:204]     Train net output #7: train-instance-counts = 38086
I0126 20:55:39.839226 19970 solver.cpp:204]     Train net output #8: train-instance-counts = 44685
I0126 20:55:39.839231 19970 solver.cpp:461] Iteration 4400, lr = 0.0001
I0126 21:01:40.533746 19970 solver.cpp:189] Iteration 4500, loss = 0.222771
I0126 21:01:40.533787 19970 solver.cpp:204]     Train net output #0: batch-instance-counts = 130
I0126 21:01:40.533793 19970 solver.cpp:204]     Train net output #1: batch-instance-counts = 98
I0126 21:01:40.533797 19970 solver.cpp:204]     Train net output #2: batch-instance-counts = 122
I0126 21:01:40.533805 19970 solver.cpp:204]     Train net output #3: multiple-output loss = 0.059637 (* 1 = 0.059637 loss)
I0126 21:01:40.533812 19970 solver.cpp:204]     Train net output #4: multiple-output loss = 0.0569707 (* 1 = 0.0569707 loss)
I0126 21:01:40.533819 19970 solver.cpp:204]     Train net output #5: multiple-output loss = 0.106163 (* 1 = 0.106163 loss)
I0126 21:01:40.533823 19970 solver.cpp:204]     Train net output #6: train-instance-counts = 71895
I0126 21:01:40.533828 19970 solver.cpp:204]     Train net output #7: train-instance-counts = 47674
I0126 21:01:40.533833 19970 solver.cpp:204]     Train net output #8: train-instance-counts = 55781
I0126 21:01:40.533838 19970 solver.cpp:461] Iteration 4500, lr = 0.0001
I0126 21:07:40.975366 19970 solver.cpp:189] Iteration 4600, loss = 0.191218
I0126 21:07:40.975435 19970 solver.cpp:204]     Train net output #0: batch-instance-counts = 138
I0126 21:07:40.975442 19970 solver.cpp:204]     Train net output #1: batch-instance-counts = 113
I0126 21:07:40.975447 19970 solver.cpp:204]     Train net output #2: batch-instance-counts = 99
I0126 21:07:40.975455 19970 solver.cpp:204]     Train net output #3: multiple-output loss = 0.0947834 (* 1 = 0.0947834 loss)
I0126 21:07:40.975462 19970 solver.cpp:204]     Train net output #4: multiple-output loss = 0.0540409 (* 1 = 0.0540409 loss)
I0126 21:07:40.975468 19970 solver.cpp:204]     Train net output #5: multiple-output loss = 0.0423936 (* 1 = 0.0423936 loss)
I0126 21:07:40.975473 19970 solver.cpp:204]     Train net output #6: train-instance-counts = 86229
I0126 21:07:40.975478 19970 solver.cpp:204]     Train net output #7: train-instance-counts = 57185
I0126 21:07:40.975482 19970 solver.cpp:204]     Train net output #8: train-instance-counts = 66936
I0126 21:07:40.975488 19970 solver.cpp:461] Iteration 4600, lr = 0.0001
I0126 21:13:41.274549 19970 solver.cpp:189] Iteration 4700, loss = 0.196609
I0126 21:13:41.274595 19970 solver.cpp:204]     Train net output #0: batch-instance-counts = 145
I0126 21:13:41.274602 19970 solver.cpp:204]     Train net output #1: batch-instance-counts = 79
I0126 21:13:41.274607 19970 solver.cpp:204]     Train net output #2: batch-instance-counts = 126
I0126 21:13:41.274616 19970 solver.cpp:204]     Train net output #3: multiple-output loss = 0.0460361 (* 1 = 0.0460361 loss)
I0126 21:13:41.274623 19970 solver.cpp:204]     Train net output #4: multiple-output loss = 0.0579489 (* 1 = 0.0579489 loss)
I0126 21:13:41.274629 19970 solver.cpp:204]     Train net output #5: multiple-output loss = 0.092624 (* 1 = 0.092624 loss)
I0126 21:13:41.274634 19970 solver.cpp:204]     Train net output #6: train-instance-counts = 100625
I0126 21:13:41.274639 19970 solver.cpp:204]     Train net output #7: train-instance-counts = 66543
I0126 21:13:41.274644 19970 solver.cpp:204]     Train net output #8: train-instance-counts = 78182
I0126 21:13:41.274649 19970 solver.cpp:461] Iteration 4700, lr = 0.0001
I0126 21:18:59.012118 19970 solver.cpp:189] Iteration 4800, loss = 0.160361
I0126 21:18:59.012167 19970 solver.cpp:204]     Train net output #0: batch-instance-counts = 146
I0126 21:18:59.012176 19970 solver.cpp:204]     Train net output #1: batch-instance-counts = 82
I0126 21:18:59.012181 19970 solver.cpp:204]     Train net output #2: batch-instance-counts = 122
I0126 21:18:59.012188 19970 solver.cpp:204]     Train net output #3: multiple-output loss = 0.067875 (* 1 = 0.067875 loss)
I0126 21:18:59.012195 19970 solver.cpp:204]     Train net output #4: multiple-output loss = 0.0329641 (* 1 = 0.0329641 loss)
I0126 21:18:59.012202 19970 solver.cpp:204]     Train net output #5: multiple-output loss = 0.0595221 (* 1 = 0.0595221 loss)
I0126 21:18:59.012207 19970 solver.cpp:204]     Train net output #6: train-instance-counts = 114980
I0126 21:18:59.012212 19970 solver.cpp:204]     Train net output #7: train-instance-counts = 76121
I0126 21:18:59.012217 19970 solver.cpp:204]     Train net output #8: train-instance-counts = 89249
I0126 21:18:59.012222 19970 solver.cpp:461] Iteration 4800, lr = 0.0001
I0126 21:23:27.927044 19970 solver.cpp:189] Iteration 4900, loss = 0.138567
I0126 21:23:27.927124 19970 solver.cpp:204]     Train net output #0: batch-instance-counts = 140
I0126 21:23:27.927134 19970 solver.cpp:204]     Train net output #1: batch-instance-counts = 103
I0126 21:23:27.927139 19970 solver.cpp:204]     Train net output #2: batch-instance-counts = 107
I0126 21:23:27.927150 19970 solver.cpp:204]     Train net output #3: multiple-output loss = 0.0721446 (* 1 = 0.0721446 loss)
I0126 21:23:27.927156 19970 solver.cpp:204]     Train net output #4: multiple-output loss = 0.0356183 (* 1 = 0.0356183 loss)
I0126 21:23:27.927162 19970 solver.cpp:204]     Train net output #5: multiple-output loss = 0.0308043 (* 1 = 0.0308043 loss)
I0126 21:23:27.927166 19970 solver.cpp:204]     Train net output #6: train-instance-counts = 129250
I0126 21:23:27.927170 19970 solver.cpp:204]     Train net output #7: train-instance-counts = 85735
I0126 21:23:27.927191 19970 solver.cpp:204]     Train net output #8: train-instance-counts = 100365
I0126 21:23:27.927199 19970 solver.cpp:461] Iteration 4900, lr = 0.0001
I0126 21:28:34.037581 19970 solver.cpp:336] Snapshotting to /home/mike/ml_lab/mod/MCL_Caffe/examples/cifar10/cifar10_inst_dist_experiments/3_models/run3/mcl_cifar10_quick_iter_5000.caffemodel
I0126 21:28:34.182283 19970 solver.cpp:344] Snapshotting solver state to /home/mike/ml_lab/mod/MCL_Caffe/examples/cifar10/cifar10_inst_dist_experiments/3_models/run3/mcl_cifar10_quick_iter_5000.solverstate
I0126 21:28:35.515827 19970 solver.cpp:251] Iteration 5000, loss = 0.211201
I0126 21:28:35.515851 19970 solver.cpp:256] Optimization Done.
I0126 21:28:35.515853 19970 caffe.cpp:134] Optimization Done.
